Page 1: Fetched 100 items, Total: 100
Page 2: Fetched 100 items, Total: 200
Page 3: Fetched 100 items, Total: 300
Page 4: Fetched 100 items, Total: 400
Page 5: Fetched 100 items, Total: 500
Page 6: Fetched 100 items, Total: 600
Page 7: Fetched 100 items, Total: 700
Page 8: Fetched 100 items, Total: 800
Page 9: Fetched 100 items, Total: 900
Page 10: Fetched 100 items, Total: 1000
Page 11: Fetched 100 items, Total: 1100
Page 12: Fetched 100 items, Total: 1200
Page 13: Fetched 100 items, Total: 1300
Page 14: Fetched 100 items, Total: 1400
Page 15: Fetched 100 items, Total: 1500
Page 16: Fetched 100 items, Total: 1600
Page 17: Fetched 100 items, Total: 1700
Page 18: Fetched 100 items, Total: 1800
Page 19: Fetched 100 items, Total: 1900
Page 20: Fetched 100 items, Total: 2000
Page 21: Fetched 100 items, Total: 2100
Page 22: Fetched 100 items, Total: 2200
Page 23: Fetched 100 items, Total: 2300
Page 24: Fetched 100 items, Total: 2400
Page 25: Fetched 100 items, Total: 2500
Page 26: Fetched 100 items, Total: 2600
Page 27: Fetched 100 items, Total: 2700
Page 28: Fetched 100 items, Total: 2800
Page 29: Fetched 100 items, Total: 2900
Page 30: Fetched 100 items, Total: 3000
Page 31: Fetched 100 items, Total: 3100
Page 32: Fetched 100 items, Total: 3200
Page 33: Fetched 100 items, Total: 3300
Page 34: Fetched 100 items, Total: 3400
Page 35: Fetched 100 items, Total: 3500
Page 36: Fetched 100 items, Total: 3600
Page 37: Fetched 100 items, Total: 3700
Page 38: Fetched 100 items, Total: 3800
Page 39: Fetched 100 items, Total: 3900
Page 40: Fetched 100 items, Total: 4000
Page 41: Fetched 100 items, Total: 4100
Page 42: Fetched 100 items, Total: 4200
Page 43: Fetched 100 items, Total: 4300
Page 44: Fetched 100 items, Total: 4400
Page 45: Fetched 100 items, Total: 4500
Page 46: Fetched 100 items, Total: 4600
Page 47: Fetched 100 items, Total: 4700
Page 48: Fetched 100 items, Total: 4800
Page 49: Fetched 100 items, Total: 4900
Page 50: Fetched 100 items, Total: 5000
Page 51: Fetched 100 items, Total: 5100
Page 52: Fetched 100 items, Total: 5200
Page 53: Fetched 100 items, Total: 5300
Page 54: Fetched 100 items, Total: 5400
Page 55: Fetched 100 items, Total: 5500
Page 56: Fetched 100 items, Total: 5600
Page 57: Fetched 100 items, Total: 5700
Page 58: Fetched 100 items, Total: 5800
Page 59: Fetched 100 items, Total: 5900
Page 60: Fetched 100 items, Total: 6000
Page 61: Fetched 100 items, Total: 6100
Page 62: Fetched 100 items, Total: 6200
Page 63: Fetched 100 items, Total: 6300
Page 64: Fetched 100 items, Total: 6400
Page 65: Fetched 100 items, Total: 6500
Page 66: Fetched 100 items, Total: 6600
Page 67: Fetched 52 items, Total: 6652
✅ Finished fetching 6652 items across 67 pages
Folders grouped by parent:
0ADXTdKmRqwv7Uk9PVA: 577 folders
1F1MTw0_z9483uvrcis88TVDHQVh62vHi: 13 folders
1vQZ8zcrJNlthzf3UGBv8ADz1Na_KSOxc: 8 folders
17ByIUTwXrgVANkRg2d9CxA6xfdhL-cKd: 1 folders
1KPi5js54BqY5lGTJ3sPxAEsmcLI-tlCN: 1 folders
1jwE-iiJn3w3HqE97DUjnY1-C93VOKyml: 2 folders
1C68fWolwSN3cPjCgstBkPVcsCtPsK7vD: 1 folders
1sZV7rSc7xVOP8jNWL0FZtW1Pu0tQ_b2o: 14 folders
1E30Np5NFe8S-oKKHtfMw8CaL6BVVvpFE: 13 folders
1P4kJR7cOPo73ZTp6mW5DN4gXluZ2CG7O: 1 folders
1O-sPKQm5nt91nYHltVubsb_s83epKQ6z: 2 folders
1NhhLoRYDqeQXCczhxCllRvBm2-7UE_Qa: 2 folders
1aXIxp5FKkwbWmX3ZKO5h59nKFmUDzZMB: 6 folders
1n40z75UEB2msE5sHRk_eCRRgIVXLANVW: 6 folders
1c2m3S6JABcohFsyYKsPqMIsAqGIVJ3WM: 7 folders
1bglKUsv11lqVFk7Zy2PNEjdQdGjYd3n1: 8 folders
1ta72wx4Xxfe3XCzcGpbPWhTiH5_NbccW: 5 folders
18tQoxDH7d8QZ3ZdHRhRy9rLdF7QIf0gc: 6 folders
1IwqALmb9TVUagj58wt0dSOhKR7lvAmK5: 4 folders
18g5FiCFDbEqopFHQG9smZEHMrIayA8T2: 5 folders
1Uj6JhBMicTXoSDULsi8Af1BIVsWPtqYa: 9 folders
1fNTKgwTcG98QGwMJ228TMAfx0Sv43A20: 2 folders
1IAYAlAMNya2C5EY33nT3ml6u8gEPwQOT: 9 folders
1n84tQrCW7k30q2p5kt3kzwGJPDx4fcgd: 7 folders
1QhcbJQ6hgbRkd5nsJBnqB0iTHhg-loJC: 7 folders
1wZJzZ9_NTQy5Qz5Cluq4uZ_2CNw3Z0Nc: 3 folders
1bCgMKjh0-KYex7eGlRnjTDaZhaswEXPO: 4 folders
1cZT2e5b60MRmHVZCqi_8N_OB6u8C5WNl: 5 folders
1dUXNDKTIcZQCYU4ibpjV53dmnI-PIS6S: 3 folders
1C79DiEcO1NUGQ4-gt98EHmRdjRkq1OSZ: 3 folders
1ahvOhFvOPB-K_p2cKca5BzmWn23AZRIR: 4 folders
1K4UV8priHUO8vS1mngthatAtxNDSkkcy: 4 folders
1oRPqG8wWtFt4kyZ3U6TwIDhYCvM6CeyL: 2 folders
12vcyB-QgqzYg6EEN0pAXMxR4KZbeHWej: 5 folders
15QrmE31OdVKTE0NeJX-x8N83qudBAdhW: 1 folders
1ph9c40bmMAJ1Fcd8p7cB9eAQaLI8IXi9: 2 folders
1jtMpcdIbbj6PPjBcl7mVdocqmgSrqewZ: 4 folders
19nziZ3N6N-S2I79x48z8B_J2zp8Duy9p: 3 folders
1a-Tm6oNNNl2Evj9x3gR4haGDFiwooNAn: 2 folders
1JQYmuUBf8NhQsawcB7nvEbLn3HyVknL_: 3 folders
17CtS_aLHx2gVJyUE-0ywAiOpu7ZpNgHR: 5 folders
1TLGYLXbZMgcOtuvSfQpEyKj8NyANBf-t: 5 folders
1hejPnS4UFGKnaZdndWXKN5C9RiuiEvcq: 3 folders
1NSa-vhWbonLASM8niAGKzBpMBvsnN8WG: 3 folders
1TWCRA3iOg41FuYJKMYCPkGNfWm4zgNDG: 2 folders
1s5hpuW5v4Ef7uOQ03iuoMSWkAKrFfB2c: 3 folders
1y8dBrJWN0e9q5QWMComrEyighp5xfmZm: 6 folders
1ja90IHMRIvzdT7NAnpxK0_Jp2R1OxY0g: 2 folders
1ROo-lQ-bJLD9WYEpqAUDEE6wgd-K1oei: 3 folders
19W4RKgPv6yUbX-IcHVxoHmXVZ_beY4OT: 4 folders
1iEAw9bCw638nMLbtrOKnwTxuvmyieFLj: 3 folders
1GChU4MJdlPgXwTlB4tLPW2RvIE03pA43: 2 folders
1A8aUoNa8ch9_llwOBD33m_yKdlfuGEPX: 2 folders
1rHpMsSx27pBEVxIBH-4vvnPU3GxcAtyF: 2 folders
16pQQXLXIxtrBP4YuTACcVqDVEthslrmc: 3 folders
13m_ZAZJ3-DS9AocHZktCFjGt1NHgXAH8: 4 folders
1gRDPK_xcZTuunJer4LS-hRHdckPqTwhl: 3 folders
1dcRY9Erbl1UJdo5oB-r4pNM4WHWD8ANc: 3 folders
1K8eWvrJ4vwIHn6ZrWWrEaaG9s6iUP8XP: 2 folders
1t5AcwVWR2ggQ-1W9Wnfi2nK-o53Z-kdm: 13 folders
1781rzOKLlECyBNI0xZpNprR1yA9_v4o6: 3 folders
1ASlnEX0s05lEWYGJD-Uy6v_r_pjhfY9o: 3 folders
1lahMTFoAI-RD4tS1xbRMMa7Ly_3DE82J: 4 folders
1HR8Jy2DHg7sKaHHZwdli78zVtLmIlhkh: 2 folders
1HYvuIZGNkZsFZL93XJb-Krj0M_CxJdXP: 2 folders
1yTzsu5jMEJ5Nuy2Gnu5UdV57vhvKuVIX: 3 folders
1ZSKOjHNvp3xfxU9jNcfOYoSy8TPQmUDJ: 2 folders
1bfZfKLnL-UvJljRgHi3rIr0yM2qV4ulh: 2 folders
1FaIHgkGpceZm_8REcBQHfhuWoDfj4pP7: 6 folders
1JBx8dlvjI9S1GXemSlLWsyY2t8LUrq9H: 6 folders
17cEU85ENA3lZRs7JyoTH_niD2NYIbvIY: 8 folders
1jSUAbfBuNoWhLpZCyFfaHSQlkKroVC5X: 4 folders
1-ko7Mba3i5xOiUvI5TviFMQUBAoBrN3T: 12 folders
1qgtJry1BdvMTv1D95R3fvC7d-2IFgXrv: 9 folders
1q-30RuR7dknu0mDS_-hPUrnznPvFoCoR: 8 folders
13sE285tstKTW4M-fSnnKISD9BEJOWCsJ: 4 folders
1UGJWPGfBFex5citZvM05z9j1FTNj-MTQ: 6 folders
16TSgkqrfiiCuGr3dF-fhHIWKiTz7dReP: 7 folders
1eee5Q-9L5PtKwb8AAnMaNQXnhnYULLOc: 8 folders
1yxhzxyosy4HRzQS4U5MABjycVsYl9BH3: 9 folders
1HNGkDQjYFVFNNJBiSiLwoqKg6Z7dBuEA: 6 folders
1KcgtZ-z3Xp2AFGjt94BltrZQkm4cm8y3: 13 folders
1zmyeRbXnVpDyBkWOcSLhLqCzx2NA4JYj: 7 folders
1gwiTdDjruDlbmUWCMRCklKp8FytJIp9J: 8 folders
1QCuzoPavG0yb1SwBcUSbU4Dw-sWx9JHl: 13 folders
1CfDSuqavf2ryEujxAg2yqBS-Av_H0RpP: 4 folders
1ec0IT-4QbQaXA6ScvKs3tA6ArLscZLmY: 9 folders
1eUlXiy2Db0p5FQqJVrKvrJTrYw0bqTbc: 6 folders
1yakp4a1xvWnTVl8zWMxY0uAiLJ1wkAJT: 1 folders
1ZGAsR3TsgeWHMHd1eN9DCWSxSVSQ7RjY: 4 folders
1gqOdyO6DxfLSsyOeubaw_fnbcFuZ7CUP: 13 folders
1z1zkmESI0Fa_opKKOuJVRw87w0SVlyCW: 13 folders
11-GP1In3346zcRP-qIp919O3qIW0X8Ki: 3 folders
11KZqgWWxscTbwsgxNmuMD-sdRY7v80AZ: 1 folders
1q5DZcMfxOdR8jqzrpGDpPnTB1RiD-c1G: 1 folders
1WZ9DJYBAgvx5poGEplnu9Bru6Xxml9MI: 1 folders
1bgYzH74icNzDjloNBbq6Td4UEda5bjMb: 1 folders
1tmsdotsjrf6sbKvsdKIALyaKbwB3DuuP: 1 folders
1ALCeRkYpaHtoz1e16WnWSPcG1ZVZw_dp: 2 folders
1Zvr7k8FucEJ4YeVUAOgVMERRmF2vl9pC: 2 folders
11fLNGkSK5CkSMEGFE3dt9lPyI-hL-0kZ: 2 folders
11pttdCJ9M3nPg5QvbVLPV1GurmbmcgoJ: 2 folders
1TI0OiO8PWAhIhzkAj_qQ7A3Vrroqdetw: 1 folders
1FRckSbf41FS9nCC77AvlVBCc9Py9h9SB: 2 folders
1fZ6RAo_40QV6Yr95nxhGUfNROy6ruRkJ: 1 folders
1b9zXlgq_YDTa0sNofIimbO-iyLZfhb0P: 2 folders
1r98Q9f9rImciq07K4RsphA3GPbjzBeLt: 1 folders
1r8BbculedUKxomeUNQ-Fj207nsLUvgdo: 1 folders
1UceGTxf6ofVD6674XIgXUcT22MFZbQzX: 3 folders
1BogYDF-KPKvXHAs-R9I4ZrsyV3PbQGFD: 3 folders
1aq_exoSDDSThVjkMesZhn_FMV4kecGEX: 2 folders
1JsdNn8UZjaNMrn7kfKS6bfFMlO-FciVy: 1 folders
1z4Ap1YSn2UT5bv-q6iLxlW8RVFoilbHT: 4 folders
1IGW9bGY3Q3VXDJvp46OgpY5P1c2oehCg: 2 folders
1a0WCaaKe6T64tlu1uPsfCrZQVI69LjW8: 2 folders
1JG9_qsEGJVf_p2u9DxOlyOTcONBIiZly: 1 folders
1W-bmLxAPvVN616zKbAubXFTlGPB-VKoD: 2 folders
1R37HhZSpyEoZQjMJOR08KSrOf-ENpv3M: 3 folders
1yXTafKU635MKo_w_0XXsDzc9S9wZnWwO: 8 folders
1Zj0t-qCpC-WmCFBpjQFWWrIPIQBypUOI: 1 folders
1REOfNryMmqUIOYBAYaqGxvL-KzanxUJv: 2 folders
1b2scwisfqAC7cNjO0jkXOZOOtVNEbFxI: 2 folders
1HUojx4P0sGa7aHqPwrErBrp8HTvvKfSO: 7 folders
14adMAcSVKwafB0fCES78vr6UMbsLUk53: 7 folders
1F3hUC6-4oXdjxAqpUJJT2dZh7aB6tsSD: 7 folders
1zAr8ZYE-UVbPzk-5U9POtfOEHj60WAPr: 7 folders
1IqqzlePeBrtAt0ez5FbKdthwrx_2ZFi8: 11 folders
1goew9oGQuEZIekRL8SwGqWWtndu6Fdj3: 8 folders
13IJXF1Q0rrP_C40uuC6SqnowlptA1WTx: 3 folders
1oxflaTTmFvftooLv1-ee7dD8ZZHGzoZx: 2 folders
1uzZ6m93EnpBc3fEQLf0YqFAoMXNMPQmI: 3 folders
1ELO26rDdQostsXO5izYMtXjUkcvFuXI4: 3 folders
1HZOwmNMraWgbAYMDBa4Ujq7VVhx0viEO: 13 folders
1iRlOIJSpBI7GDp6gNYIXmHss3C7Cam5J: 12 folders
13bLCR70vqIHTmneCm6kDIe1thYs_Rl6I: 7 folders
1M3pd8KOZjRTsJ41ojSh_OBWtT9gKLZ0v: 12 folders
1n9RGOWoKI7P5xUvX5n_1ynRORbC7ZT7m: 3 folders
1G8x8kjTn5d9qVqGYVKKQ3ldoYCktcbYD: 7 folders
1EE1w66SuZQzJq8gyoYQ8U4m-oXUmhehG: 11 folders
1P6bhurtzmNs4x3Q3CVrJNM5B_9pQOhQ6: 11 folders
1D4KjjhJrPvmWm7mVoXDE8QHE3y04ubhG: 5 folders
1Wql__Iy5k4AE62TgTjKpgqSVVKPaYpIT: 9 folders
1LR31d93v1NVn9AQAxeSWBVN3X-a_TB5S: 11 folders
1gmpDjDvqDkZGIB4DGqzMGK-d4CMUfUe9: 6 folders
1Qpl_1CfsYCT0dX1tyqb46-WWItR4pano: 8 folders
1nQ4bqZz-B_ZS706gLpIFYD2RYlWCUecd: 7 folders
1KBB9U4iJzCldTieSwIweGI5h1H4vWK8g: 2 folders
126sMv0WTWyKWgjGgHTrBs3HZCiE5vsuv: 8 folders
1-Fa9E_PA3SCU3oPZiF2CFLlBrHCiWNqd: 8 folders
1yLi19Z9ayIXS0HaaVzR37g_soMg8AC_B: 2 folders
1UXEUM-Ibf9Hr7T-1Lr8zBMHZpd4Tv0Vg: 11 folders
11J4qN1vNlDKJi9-NASvgmbcAmVq33biC: 8 folders
1-MS6D0bFnzrI21KkQ-YcBp8LMjPnMWKR: 3 folders
1dxlv0QREyb5r_Kw-PiXbdN7IsicUInXp: 2 folders
1VHv4eXKWVDMMcKGnix42aRweAxXjQpRn: 17 folders
1659FtWNswyHuoe6wkVhWCmiqSYKAUQkp: 5 folders
1mCqQlKZrbCNMQcO8CPRs-DIxqK7M7v9L: 7 folders
1z5Cvo8gFzPrqUIy3tIYYBW13i8MkyI0j: 6 folders
1EhtzVNHjTD2lbH6WS-YNq3dzjNYuTOBf: 16 folders
1Pb7pEfOIOviJ1K_bDXnW4O9s7-rOG8ps: 12 folders
1NaDdhAxMcMnD_nF7ks42aDqD1U4k90I8: 7 folders
1l1sGVPhsdRVHTDUbg6i1edxP5MpTfJ31: 6 folders
170SPp3QHf_wVqj-s7tkVVyebEgvUQfzx: 2 folders
1E5Rs5Bqhdh3CrfJGy6d1LH46WMttKt2o: 5 folders
1T8AEowAvELuZ65f7hjvSyQVOA0JPvQGX: 7 folders
10UAKm9_peshjNwOZ9zJkVGw7Edo3iV_H: 5 folders
11NNaKaG6CbIrO9B9ZNrXeqOfIP5EImaR: 6 folders
1qDsAGO-etQytD7-wja1Aw5DwszA28VYE: 12 folders
1xPjk0jGdVbk1velTopQi3pps8pd830OD: 10 folders
1Zu7mnj4TAtSg_nqBmq-tBz2m9ULqMgFK: 8 folders
1RcdN7PIOaPpLeqfjQDY_MWPVfG06AYYY: 13 folders
1BaLzB904ixIoCxlDquw8EncEiATipIUk: 7 folders
11571ls_SZ4k5PLyJybzv_DQ62pGdS0fV: 11 folders
1TekJgUnUEnh4-t2XVKO-objZpnB8L38n: 4 folders
1g5mT18WNnhkaRU7F8Ja0V6_YYHcMNS03: 10 folders
1IZ1IPPFAGAFSqKkO8NdYnjD2N-nIjclA: 11 folders
1Xe9AETGxcQQyrxqD9zl9y9GFHdpE2lZq: 12 folders
1oGV3QfYWxcLBIalO6ukehCJ-OiulXsP0: 11 folders
1zjEChciNd7fNBY8k4trrl6hC363OmyLI: 7 folders
15SkuOpuEqXtEaGMkctBFPDs-Zzzlv4Xm: 7 folders
1GmEnrDf1gahXIlqdLu4XD09l9YRPqev6: 8 folders
1UaWBYPF8qtK97nygi4SqcGnRk3ydDuVt: 12 folders
10LY_xGg8piuVNz0mFIFz7djotEV2V8Nv: 8 folders
1d7GJ3eK5JPnhvG_zpst_B6U95SwlPb3y: 2 folders
1nlP8rKE_LttaT_wRgHNiAD1_2rdVWvl9: 13 folders
191QeOMTGn7jRFAhlx7DPIf_m4H_CW5ei: 11 folders
1BLGeWQhUYPClYpfoImCGkeopQ6MaEpTf: 3 folders
1mv-Wc-rILGAARgw7SeygSuWWEA4z7dOZ: 3 folders
1N-rIJJ0nb6trK6qUpHqTIOjIM3vSKHfu: 6 folders
1BYbtDMMxdyYnqEigU_X9-0j2uJl1AqvJ: 5 folders
11PR2HNsv5uZwQKTjG6sZYhQIXRUDQw1E: 11 folders
16kzYd90Q7ZdgoO8qezpEMYLwDVuiuGUN: 12 folders
1MP-jWue7m85AjzFqGiBjOoDqlZQArAkp: 11 folders
1xf2WBEdM7O_83vxywaOILue8qA1nmUVj: 8 folders
1zM0NFSwgBR7kUodFdLmq7-b9MNNXH1ZL: 12 folders
155LaojXKMkPI678OCYbRV2t3O0Q07UFv: 8 folders
1yWmNM7SfJOxrHldIWidxJ-3DLpmA_b3F: 5 folders
1rIM6_Zfo0lSUOAbjpLWJrb8-K4ZWehH-: 5 folders
1lFPW613Y_I-6uCWHwJN9Ge1xq2gKxZaz: 8 folders
1Zharr9JpAhU0IW8MZI7MwFZDQMQgkIb0: 9 folders
1DoofQaiNKQOoXDDbjrEPXQYyU_0W0cO6: 11 folders
1MevNEJM9wfoRqxxRCG0MVnC5FMoUjE6s: 11 folders
1wqVBG953PS1JFaPAcVI9laOeICgMrkbo: 3 folders
1qUNPw-YdNkloRL32eH_BtBhE36HI3GCk: 8 folders
1C7tv9xLZyXXrQZkXQBaFwv0JLNJiocY1: 7 folders
1i2diZpEYUfY0NxtYP_-LU9z6c62-PY5K: 2 folders
10vX8WFCDs3yPG3FOmT0b4IdlKqyozOe9: 3 folders
1AlIQxJZBRqqDhiuy-v-LGgiO1d0FaDy6: 1 folders
1x36wG8BZJkKdUF4__WcF1PskQq-J3fPB: 2 folders
1d3RGUjwNSYCrtB73Vn3CLqqo5uEGiqyW: 8 folders
1RFc_us0yVqx2cK65GlgOtm6xYLTIo4Dm: 2 folders
1c4dFRI6nspDD33N6JU9PGxr7kIHBiJjR: 12 folders
18HstUR2Kr3XESzrQ3oy0wcITRhyouXQZ: 10 folders
1uJ8yA2MhrpIcG3aJePQO1cOMt-F4-rN6: 13 folders
1Td-fD_ZOxcByxJNGzu1jc2nmmsz_sFhH: 11 folders
1Xo8yvYn_lwykLNjrKSScVfjnEpD-fsn_: 1 folders
1cx_luO2t52lqTyaQC6Db0q03IibtgVgj: 10 folders
18Sa6b2bAOQtVGqHYlFgLdBHiDndrJoeg: 1 folders
1Oa_vw_5DQZO0ERyZauc3ZWWUkPDAgaxy: 1 folders
1oD0j8c7QoXZd5q-akpTlsyDAbipTh_-w: 2 folders
1b1go1Tfj9814ALFDYD_Cq2568a3666sm: 3 folders
1nF2pbI5DrrfZWpxN-wpzzwuBl4d3YyI9: 1 folders
1LjvJ3KvVyDtGOX4S-jd6zSUtdILRMCRZ: 1 folders
1oFPttYgbA3OcxDXdTjzGTToNbMo3Oz3F: 2 folders
188A22j_j2o_w3CoErMpY1tVz8hDsNf_l: 3 folders
1-NHcS8yWxhj8In9egIZzNXXBzcc-BRCJ: 1 folders
1hdtAWmwHb7JtyUWpElVOpts8NoAYfcuf: 2 folders
1QkR3b3yunPi-fbbfQdykUg6YfF1J7_o-: 3 folders
17-DxVY9GdQukH69vMe7WgekRDQ29gpFC: 1 folders
1q2_BXST7UkrwJEEzpdAF0JqyioxDQcAI: 1 folders
1tJ8BsxkR0F9YD4jRlqWNrs3KWmuVV7P8: 1 folders
1mY9Jt3skIjJxVotdcLw-9XFJBTqDIj7k: 2 folders
1ga_nD9rdB1UFNaARjLC1GLU6aoMOl5sC: 1 folders
1SKK4CJQrtEYZmIR8RIky3hGY-A8mU65K: 1 folders
1u3_FeCSUP9Msy2P-1AFaK_tIqvclo14P: 10 folders
1HB-tp1sNL22K2jA_XZf4JsKVjKlEnnm4: 1 folders
1k4Bhy7rq5g0NgX8R1XLU19xkaFjuDnDU: 6 folders
1O1Pa3KblEucLFTlIx1WIW0RGl11yuW-d: 1 folders
1GaXusbLdv5tLHkjW-93PNxffU7M3BXDj: 4 folders
12qGtk1YX98zR45kVjccNRf8xrCBfvXd2: 4 folders
1waAXa9ipSv52YPCqPwmf3-_-UTrpHoAj: 10 folders
1SVigfyBGiuMkhtEwva8kzcM6BMt82HNg: 6 folders
1ogEmHp27b2Q_tZppJhT-zd7WSO_Hbj2-: 7 folders
1Vh_jFC6PP9Sc0splNLqIfQ0cMb_Um0De: 1 folders
15Z6-l9r42b0Z0joDKWKZ2HU2wi1PHu6S: 7 folders
1K64TRoC_Iq3Rem4aYXMCKoGGmzPphZro: 6 folders
1UDS9dJ59fO11YgSF4DYFxg24L9HaoUkN: 6 folders
1S8BDoaYxIFF1b-30zGUXIGUuWw1XMCFg: 10 folders
1e6Gdnnkn5_JKlspB28GEcHBthE-GcXuE: 1 folders
1JCI7rh1Uyae-2DYXSEu1ckrUrPEViXwb: 6 folders
13w2WMlIiAbdkcvVw3XL69rUHsw5GRhqH: 11 folders
1_DPuRjrlNtIFmUHkbmjs-6sDVlN95FUr: 6 folders
1BH_1_7ttEJgWysW_-ov7jQf2RnX-AOF1: 7 folders
1_RzPhpbRytOLVNjIwi_pwsM0KgU212BB: 6 folders
1iAuCOAZ_kgQkyDGlUwURVa_ZTA86GfoO: 14 folders
1Jzl0oWOp46_Y8ub2QeoiI5sr0jg7rYul: 1 folders
1FawizsGi709KmuSLZyLSgOlFkXCGFYxm: 6 folders
1AVI3pa8K5hgXLDugY4OUiv7fvtGF3Ol1: 1 folders
1v2sfW-2JpznfSNlWyDqPWRR6cOR9pjNm: 6 folders
10fTyyxEt4EbpNOmoDATiB54aNCV2y9Vq: 7 folders
129itsk1D_nzkzC4T7ytf8YTfoDJLT4VJ: 5 folders
1yV8OIP8f9EF8R5EyX5_eH93OC1rWOKzR: 8 folders
1o3BK1BZO7S3euehzJUP3b3rabpevnFKJ: 5 folders
1UT6e64EIlhHZASw5qD4gedAGEMaAeOv1: 13 folders
1eK-qf4tNGoNtwL5HmH1CKnEOG_GU2dhi: 9 folders
1WyQ2dzMoOeTL9pwBjRmMTmk9yR_hOMnj: 6 folders
1skgf5ssxyEbGxa43u5ly0Cw94Wibj0f8: 6 folders
1aGh-dYOyhkXQ_P3nH_dUkcmePUtHZyfa: 1 folders
13p4kTloPtpOcLrXQwRlpwLFCuGJUbOYN: 2 folders
11gnK5dMn-yHGap6wKQ4BbhG4Rl-7GjOq: 7 folders
1YhqLDWfQo0SrlOr4FByF2BYroRByQGz3: 12 folders
1-f7Jn0R4Rdk2GAsOIJdKmQazXeusFFBP: 2 folders
1rxHoEsfmTHkBvL19B7Fv7uh6AQD9TFbe: 2 folders
1A5VzdL31aDMsA7k_hjLg-fe0s7XSgdbH: 10 folders
1wnesy22sBGcolBArKxTPmNRaiVZ6O39a: 6 folders
1MyEDHnUiMsa8psg4INyxncSu6yi1DoVi: 9 folders
1yrUevFLy4EDUYTFwGBilFl5fj9rPqHEI: 11 folders
1S9m3Pf7xNCiV82qlmMt3Gur0VOYZdVmq: 4 folders
1TT5kQdTRXtTcJVRPK4Hvye1B_JQ7tnWX: 6 folders
1IzMFX8chgalLze-Sn_ZDNoJMlRJsrmKv: 10 folders
1jWmSRrGtvytU88o1G_F1BSzAne1XnBmc: 11 folders
1gFR4v-WxsbNk72kjmKxEoYnzbr83ZeLO: 3 folders
1pYo3iu2XxnbfhXMtNu-dCX8lMJJLWsH9: 13 folders
1h5OEInsvb0i6OttdxhN6UDLc_BIRUKxh: 8 folders
1kXqBwbEzUYs9wmz8JwH00u-ausrPGRJs: 6 folders
1YQ97pJUBstrnnG68KR1mABQHMbx093X5: 6 folders
1EuD671cbLXlhDklUg_f4E7bK8EwyMjI5: 2 folders
1Hr-3phChj-gRNTXcZP8FiG0ZlT32J-UE: 5 folders
1uQjT_F5YeoLWVQ9LJv3ZvJusF4gCW5yr: 2 folders
1qPfZAugCoJSIetKjcMcwtXtJ8HJYeU10: 2 folders
1kvUrmt7hT0d23uzf_ydSy5WkXgncjgoA: 1 folders
1QQN33mgLQrP6_GNzDvGKd7GmlZfSQY-Q: 2 folders
1jiBvfFPoZiJ0Hh06pjE30THzTf7AZ3Mt: 1 folders
1UXECwevdnS8XE0rnVAf6wbdbMVuWPkvZ: 5 folders
1JBUcb2mKh1U4E-3w_Gz32wa-sIZmylJI: 16 folders
1yCwXHHpYVjwMOjXZptbV_okhMjnuwBO8: 3 folders
1j5Vbk2UfcTH_HCnRvRpCv4sntmWNvc2D: 4 folders
1WzW-ZjkJk9MOSt5G4cvwINK3wPVkPCfh: 1 folders
1t7aCPGrmvnLSv5y5sWHonqi0GCB37YsG: 9 folders
1qX2BzV4iTqkoKoslETNZkZuKqYdJrHED: 5 folders
1KjzuevO5Ho_vvRllS2v3kIlwJI3_kMCX: 9 folders
1YFmLenTKYua0Ld89f_enIpocbd05f8x7: 9 folders
1oWr0bnxFr_JV_Sm4bj4HIFu0P8ubq7EL: 11 folders
1LuyaHUSff6NAIZYWzxK80kemmtBxzJvY: 7 folders
1a7HnTw_wFKhh1rM-ll-XRAKYCLENCGqB: 9 folders
1lsPkIjx2xsOWfOD397zEWaKwQLI5l3Yu: 11 folders
1VKXMKzAUXa0P81vg9ZSnZqNykJ5K_0d8: 1 folders
1PcEvGVoy_x-u_hwzYcqNzriVEQC4lLMv: 12 folders
18v7X_exGliq-cy5GYL6fTV25raQ1EK-g: 5 folders
1TxceDvkaTSweJF1JcqWSJv3Js7HIcrOi: 6 folders
1WoUF3FGxC5VmvlYlPocZmk7wR0vY4ZLY: 1 folders
1O7MsVgKFbhyhaXOzj6kgpL10d5nL2BZr: 4 folders
1Y6GoZowLx6oKEUmHEnXdB0CGcw3eYrqH: 2 folders
1ckbEYY-5O_5UEX-coFOF6OkDYHPVXgQP: 9 folders
1qctlkCVbzldsuywwIWr9zPqpg87NjzUp: 5 folders
160lncWFc1TToI7G3i7ipctD-kV2S_AKM: 2 folders
1x_LLHb-q8ob31DVUK4H-Itx_RehIHZa-: 2 folders
1kwZ8EtYHisSeMLb0vvW3OYSnkS6lwfUJ: 2 folders
1KxNiRwnmIrEn12xKaeZJzvYoxVGXlD_y: 2 folders
1fs9i_dbNDmL18sv915pBKmwccH2ndT6n: 2 folders
1ShIL6skkAiT-R1-Eo1Ut9kfBTMCUy7MW: 5 folders
1uK2GHJ2HXr8yOj9kyAYlqXVCkCihFD47: 2 folders
1ShH04Y4Y2zEajh6bkHdWwHwQ7PFdp9Ct: 8 folders
1O8pQLFpFVAAhFJzDeSafNe9HtkumjGPq: 2 folders
1qTMqY1ARZTaH-zlmC6St7CPB9Fuxa5oO: 1 folders
1HGeYHXp5KWP7ecCLdGAf1Kl_yk5rYRfK: 2 folders
1cKi61S436EOLF2mxD_MpL6c1MuofcONl: 2 folders
1PuiqX0D6Kdb2_J9SLTiZmmLg3evya3df: 1 folders
1ew7-YftvjhUyRdNSCgSP18lFHwE4GzxA: 3 folders
17IPTRi1mocQeadqx32knDT-pKAVROBuY: 10 folders
1vy-ogFYxZDygPyiLpwEl6jSx_kdbOz_2: 5 folders
1U4-I-5nV6Eon8RLRX1LPw_DqohWP_iaj: 5 folders
1HwLIfbUZdBie8AV1Bmmckg7iRjBju7UY: 3 folders
1kmCGljK7ZQKX2alkFu2fuSfyYPrBZoxf: 5 folders
1RromoxrkwGcg0LvINjyD5vgdF2QyxTP3: 6 folders
1TbESPXNF1at2ioHuQsRXThlrfquVZF2h: 9 folders
1-gFVaA77ZFdvAB5_iG0k4Wt1Ma6nGbzN: 10 folders
1U2Lkgocf9WaeflUFVZ86Xh22hgQy47kg: 6 folders
1QUyFFT36oZRPHaBEsouQZSxGgG2M-8yJ: 4 folders
1r7g8rVHAYmu1gm0bT4O8t5wM4TGwpMlQ: 4 folders
1OOGmEzfz7REM6QVl_MSujldoQf0Zeci6: 9 folders
1UY0Jcns855c3VJzKspHtkSedgSflXpSB: 8 folders
16nR1vTaLlpdyQ7NzGnpEdiN53IQKNx8z: 3 folders
1h7vekRgMThd9VzJQXrlV0zaSz_BBJl-K: 8 folders
1vLtMpV78QFJ1ugSEDsWGZAo0hGO30ssD: 8 folders
17sulj5VdUEsYmXpvJNoCObEkJUx4f2en: 2 folders
1tscjyNAbGr3P6Vl6-ki-ZWzkZ6AuLGtw: 13 folders
199cKimpgQZqQO_8id8PEpHDqXEkIXibH: 2 folders
1ti3Rymo2glti9wTrekyeKTmPL0Zn3RL_: 4 folders
1h6uY21HwIiPNoNtcYez0EAFax4ZCkJeQ: 2 folders
1PraqyTvpIAuSYKWCnoZIGpLEZxWVoyum: 2 folders
1VA_Nhu5VUSi6KZLkVAZKgYmOAEQOBLGa: 2 folders
1Gz6S4uN2Aj1DtBMLjx0jhO1pQvxngO5h: 2 folders
1wsxIzaPlMFpITn0n4YXDoN7LrEiSQqgG: 4 folders
1mLa5Wkd2TvhQS7Yp_9Vr0LPw1rreLnGC: 7 folders
1FHH5lr37g6HFifY9ADrNlYmXhB8lADZr: 2 folders
1ddqu1ppPPadZFf3Zp2vZzpD4zqHQFe-e: 1 folders
17kJDD34Je4OxSWcdcbdgKny2Z3o0IZKH: 2 folders
1rJUALMuU8OTzU2p2oCgBKHpKr9knnp-1: 9 folders
1qPAaZtUAyhzKLJQtGbXY1d1XDNTn5JD8: 1 folders
1iWuZdOoU9JA4H5bI0cG9hJCm_BCoJWyN: 1 folders
1MvhfDgUjsyAmOBHsKOO0aEtcq78wqJzF: 2 folders
1ayjKuTz4xITZKd8jeeIKghe0ROLu4oQL: 3 folders
1phi-8MP8Jka-dL5FWsJmwlTCGNCdrkj6: 1 folders
1J3hD5aEWjI865pv93Fx8bPoeH3x0WyHb: 1 folders
1PZewY7ipu0EjSRD1Rjicx9Te6Oz7Mzn6: 4 folders
1Qno9lIzIozDdo4hYHwCQcywC9WxkfGWP: 3 folders
1SoYbs-myhcwCyFx-sXL8BOnWSreNisPX: 1 folders
1pT3p7AjHmniz4ib3y-_O4eskV81zBIR-: 3 folders
11SvROzE5onNPYRJKmQqkj9nZY1fOWkLk: 3 folders
1iwNYdSxx6TMBCbOx04jW39zcMPHrb-M7: 3 folders
1QA5DzRgl9Vg8dJFSXO6khiZUietxtI3Q: 5 folders
1y52lxZz2EfZm_2iSgPPQ7PFFPleExWdY: 5 folders
1SH73kEl9dH8YhBlHsDOO6HLm75rwRiPV: 3 folders
1Kp-K5LjLf3zZdEZHJkxzTfFg2SY2V8RB: 8 folders
1vvc-bQ6-LXeQmP2Gfrd8R5NlxvpMCEkt: 2 folders
1krZpUDIQhnuUN-z-HrrOo3JhJ5blOCNV: 7 folders
1b4RcspLyB5wjKH8Z4x9C8PRnJweQql3B: 7 folders
1NNy4AAKiRNuQC6SAPipk2WKR4E8FNl5T: 3 folders
1s_9M81lgsziL8oM_8akIsY0fke5oDq3C: 3 folders
1SUWqS5Cn_EGHbfRKCIlO6vw3vdo3i5sw: 8 folders
1xNBga6DcFPLA_h72YKDliRccJnxDGJHO: 7 folders
13aC39kBddqod9Y5Vli8zxFYOb8mwu_3l: 7 folders
1GfJf3AiQZsqDETVbCIjAva8j0rhWtJEr: 3 folders
1RQQpkj6QZNCVxbAc0lWz7atfHD3sb299: 4 folders
1JDHCwoVaVk2lnCKKVUYSEs36y0VyUz5H: 4 folders
1o-3CNM5m5Tc3B9hU7gXxjZQTYePUkHeE: 1 folders
1v9G2_LeJiI6sRK_uKTbbUCUfuUIZof7l: 3 folders
16ZfhozG2Lum0DVYaXeK07Fv1yszCEhkT: 7 folders
17431iRJSlUsVdZKXrn5pkmEW0JLHy1lS: 3 folders
1KusFj8GovU54PbeTfdpcnB3pyg6r11vN: 3 folders
1uOSgwDCxTfndXkVQAqHGFzOg1ECJ5Iyd: 8 folders
1qraj9SxpkHq5V99gUPxy7dMSMnItPpa7: 8 folders
1VZUcfVGHIUwXYxNHAycE47e7GcXa0HhM: 3 folders
1r0lkh6gHiWWojLg-_WmgJLdqLCAnEhoo: 3 folders
1INfYyTIAySdnKdDh6F2PTrj2NZyiVDmw: 8 folders
1RVQpIVez4v1WKLDscRMEJOkZWlJ0m6wm: 1 folders
1llKe6k98o0DhP_neASRC8ylFfbiNn4SK: 9 folders
1tQ1hVhKjw7KWSauQ7P5qec4mbBhFmoTf: 3 folders
10lgpkjhB-gC92V4PRezIdSIPUdQ5U2sQ: 4 folders
1uA-kgV3WOSDUuCkGcMpjnEzOuTS6XQ38: 6 folders
1GJzDRNHQZ1rCR9VqOY37fpRdAljhC-MM: 3 folders
1DxAsg0366dx8KICmNgrwPC85SXJZUuFA: 3 folders
1VQJ0Fv2mo-VV4yUShj8zdwkUVEANyPhq: 2 folders
1EKTmWgFM-RDV-WNDcSXdwgnJIoVHJzbz: 3 folders
14twl8DxUmtRS6tBBCINgjzRvkLmFOj8j: 2 folders
1CDb5L4o3fatXTPpwmevw6KGLYKrWFdV4: 12 folders
1QUiOoWGMNSCqnOCpIlVs9M744PD9Lulg: 2 folders
1eEyJ7mNCTMooj7IUPSLND53IAIKPJekH: 10 folders
1ipqC9Z7_X2HDwMAIEZWsnPDdZVjK_L1X: 6 folders
1TO3eHbgbMZlYnBA_0nBmF4H__FarcdeR: 6 folders
1hFEFE4_E_9XUUqlZb5u5gcNPp4S_NzPu: 2 folders
1FFYUHGC0jCsmYbshZHrhqhAl3L_-52ao: 6 folders
1clBTi6dstHSZPsQSsHZwnfNFNJSb-L2Z: 1 folders
1nm-7S9i28nGU_FHwtRAzFfSWz1GLJYrS: 4 folders
1vxiXwkK8VUQvN5sC60H_lunlYg8aH4Dl: 2 folders
19gzO0lLSFY3eFdDYlCiiFMaVVbrgEOZk: 1 folders
17X1sT5YRsxXTmCdsCiogV6pD0tEySX3V: 1 folders
1kSn8v-DQB2rQyOGx6j-lPfauMqMoW1JA: 1 folders
1xgSwNYgM2PbYBTVnCVYjSFh-4o45_xNE: 1 folders
1RHRkTYzq2qs3dziueDe98BEnawyJWxlt: 1 folders
13z-fIEhhVnaT6aBfx_SzpbanrkLNL7hJ: 1 folders
10JkdKqyYFwntpBo_TgG8lgjZ1uDu9E9W: 1 folders
15vqFWbVeWmjqtxWwSZpiDvzgtibw2P7P: 2 folders
1w-i1o_h3xJgBz0S93rGQdvIugEJnDElb: 6 folders
1Pgtay5mZnz9ryOnEd44INeypoKuH6air: 2 folders
1nM8skiYofTVUJxtUjmori8maf4PegUog: 2 folders
1E6aJn8mdEu3viOC4paG_ZKpFzWRbHhie: 1 folders
1mQuR2_kOwfM1I-nWR7jW95zrsH8o7W3k: 1 folders
1yukrdBJb-JfFVGspfwPH9ZieoNOKDQq5: 1 folders
1mEJ0sbHRSgnsWIXz1djpIeI7dpHPmjvv: 6 folders
1bhSct4mAfL2vyBvxibBVUJFh7L4lX9fb: 7 folders
1AIL3g7A7Qsg-LgTbCqCV1hWWqzPvYHLU: 2 folders
1gQiBTQMlwPZsKYv5ZxGkqCAsNPDZ42bh: 3 folders
16QM4djIlnJ3Ro3hO9ddGi_aSjc9YYf3e: 2 folders
1Ab87qTXotXRw7GfFWNCDb3okQPdqirjk: 1 folders
1yG7i8DVa9EPwQen0BgBtKAIz8MudZj9p: 2 folders
1e5wG02WywjJmqiO8ZmA7kTD8-4-hl3T-: 3 folders
10VVGH_TVIlOfd_NLA733VdPDt1g9UP-v: 2 folders
18mTnsxcFlqJlWQiSBJH2GyCTbJC8K_B8: 8 folders
1za-H_KzrGAM-odn0Rr9EWWNTmaGUnZue: 6 folders
1zo2uYgAHLGEPe72XVpjRvjFHlryP4_OP: 7 folders
1igiZ6A5zDM8AUQZ5ym6zriQRInMrxnQw: 2 folders
1jxj5rKrLo-ByfgmZ5Mu5CQH5PlCrK7zW: 2 folders
1QrSDFKZd5Pm7Q3acA42cf3VYiyhDMgVb: 2 folders
1PSVb0dXmuJMx9z1SiNGPUnf08Nd3YYve: 1 folders
1rwbnGNXqZsOCDz3teds7Oa55-c71oXwe: 6 folders
1w70ZS8-WnYx9u7GfB-MXFjIPnTrWnnbd: 7 folders
1FAvC6MVzodhLMTNALFjmYPLLJ0BWf5_R: 7 folders
1buiSgrZzY6SMl254I2L2qnG7OcFTLCnn: 4 folders
1nbzkNQdH5eLxRy-ZFTLKGhklJdH9NNYQ: 2 folders
10TRWIpevIy392HXjeuk8t-DuVypb9Xu4: 2 folders
1i-fuXrj9JZFeZImDkdLC4-PGMwl2Zhcm: 2 folders
1ID1iv5YvyTEDDK0u425pKtEjgSNU_IKZ: 2 folders
1-9ygn-xBxswgjJ4wY85SCpl7TYMT2HXv: 2 folders
1z2d2nI2ceBxwAJcl61LYKTkzuaIErmft: 8 folders
1PqjEcBCDveuBzgooFzGIXiVD7I7XhzZu: 6 folders
18AOkhJfEYFWcOmz-jlZQmyEYByTiPrHa: 2 folders
1zOnE9DiJcXyOVkkb1Ehg8ipwXXmZNbLl: 2 folders
1DRpyzbUQ_rHH-7FCphi69YipmDZvmsYp: 6 folders
1Ifnku4rDcDri_uFdIdYqNdihlpsNH1Mw: 6 folders
13PQ16BsikcT4ZpE8YC5S5kBWz6KF7BsY: 2 folders
1P2W3RufMNu6gLc3u_w5Um_gkE2A2Uc-V: 7 folders
1rUVEJR3a8TCni3ldXc89YY4Uj-bo_pNR: 3 folders
12tWZlLJtHyXNwQsFGLGHmwxXelFMelCz: 2 folders
1TuDT8HOoeIZoyn44GEa1jdoE3Dv7zq7q: 2 folders
1x5YjqYDygvLYsXkzBqygX9Jj5LRoKs0T: 2 folders
1SQa6NPlXcE8U2M43VNZnYsaT7PghPtXm: 2 folders
1s0KlOe7e5T6YZSUMpxMvDLzJ8cfQdj1h: 6 folders
1ETSdA_25JXvDmehPlXEQdahFQ1ZUUffG: 5 folders
14I_V4v63g5PTgA_8KMa6QnMbS2AZOVVk: 7 folders
1TSHCCdMnLSRMtQcOuYNj6DgdZGUx17Zw: 5 folders
1_3v8OtA-qux2QCn7RAlTwRcipplrpddO: 2 folders
1dL1gnWz3AbyuU1kWi9iVQvB5Ik7Z7U-Q: 1 folders
1MCxuddEZjU9FWi0X59SIIpUNMEojXg4N: 1 folders
1Qk5TRpG7F4BSFDSXbvMQbWad3uTZEc9T: 1 folders
1nmUBrdxszsjEjYt-94ShOP5ZWXwtYu2r: 1 folders
1K8SEq57wIXhGkkGoc6mbOG_s8ABTCUi3: 1 folders
1TF1sQcJi8yzHk-za0HFjMkvcKvspyHNc: 5 folders
1iH1ne0TruUawUZZlS0OBW4oKWHytd3Hs: 1 folders
1J8BvDD2f0viDe9v_6RTP0J8EWJHhosJn: 1 folders
1j3_ViUKt6QatdfRHSnh95giWV6VOaEi6: 1 folders
10U646YXFwWfLMY8rMUf14MSxZnx_VFZU: 1 folders
1lFLoUUGWd8wxKSNQOF-jcTRV_ZqwK5-m: 1 folders
1eR5XBiF0kzlqIaxsOiHjt-ZdyNMM8PQu: 1 folders
1lgbwAgG_I1HJX9kMXO9c13kAmvRT_TzW: 1 folders
1oiOZE9qVYmEYirRiOR-HDJyuy1OLTFBX: 1 folders
1B_-mvJ_-YRBe_XnGpyYmDUrrLR9ku9pT: 2 folders
1Otl5Nd6Ujaqlw9o7gR3QBuGBY4Dyso_R: 4 folders
1kb9oQ2ZX5rVkDXNVGaUcL3PNpO7wYz_p: 1 folders
1h0eeRCbHWzTDCn5B6psTv9PxnQshztcw: 1 folders
1XHt0Arr16WZgC8JAFstWBXjQFuLO57BS: 1 folders
1RcdqpPJg5vnEhA6gqSjYLlewJinzK_eO: 1 folders
1S12cYC-ip_Uuc5SsniG0RoulPYbcie6J: 1 folders
1UXwSg0wUJtWr62KU00dqHru6qcQjTRuZ: 1 folders
1WNJV4EMsPv0hC_wV7T1_00wtHKJnEK0N: 1 folders
1bEr3mHP_iVVJtw3ocvDHMyQh4HdLo_Fj: 1 folders
1jjEXJKhL0JypxMo5NRtO1PSYzfucKTPE: 1 folders
1ZlP5GXv-Mm9rUhyq73L2HG9DI403pd9B: 5 folders
1gqEKsAPSdtIIa6vDs1JTWPrWRhc7x7ay: 7 folders
1Ykk9jnc7n7omq6YVAbIWeJ_Gd_rP8zWS: 1 folders
1XgD9NNY0U6m2O38l57e46hl0xKxbAe0Z: 1 folders
1-IOzdRQQ5-ZAA_uTuHjSyTSJ3NKdpuCL: 1 folders
1GpuyujEzCGEirmUSRP7lTZvEEpQGe4ME: 1 folders
1JV_dQq2fPnOZeGyBNQDz-lpTiwjP_PcS: 1 folders
1h9p-WeD_x-luJNPdW3ZoCGMIxollfFtR: 6 folders
1deGIk3_IZsxyVLu_3qyKu2Zgszgr-w-s: 4 folders
1EFxWopEhSNraVEdptRrzHkZ5Tk8i162h: 5 folders
1HeueBtC6A9NI3HjtfEPtbXMZChNCpzJr: 1 folders
1iMJZok-TuRegy8qiO-E_3gTY9VSWyo-4: 5 folders
1bWRU5nhUKlB6OjlBcjIhrllNIFERPcFj: 5 folders
1ja7BPbdv4LX1b523F93KnRpVYcGSNK6C: 6 folders
1SiNo_wG35nZqVBBo3lG9KkZejajhGhDo: 6 folders
1TNczP75CVHUaIOuIhiMV3IVNqbYojhgG: 5 folders
1JLya7_h10t3_tEVOyYA-iQc_WF2xlfdA: 5 folders
1s8mViYdOOOgOW_H7nIfisgPG-eFr_kCv: 5 folders
1cR9NuHhPrUvCYr67ZPBuoJVkVptbf3sR: 6 folders
1RPLGnP2V63cgcWcbAuXxiju3nfvXGQv4: 8 folders
1IMnSfoey7OqbmwWqUZ1RHvUnGQhJ534z: 5 folders
1xy9Mo04qNe2NaPSFhyrQLRwSghZ5zegs: 6 folders
10sbL18XLUVVtKPUnlZqQ1lznBNM6GzgN: 8 folders
1Paka4IKRKmZvW9MOL1SkWjctWsnUoZkJ: 4 folders
13E_ee2UbifyEocPXmcs3GAduTpOrn9sD: 5 folders
1L_xMUmGy0JtYllK9mODK1yTgEomFUMY5: 6 folders
1ZGU2NyobO2H3ek7NF0eDRy09VHmVk9e3: 5 folders
1AgKbKJXaAATBW9IayNBl_-JmjUDmlrG6: 3 folders
1Ef4ISgFtvV2FvXxVkeKhRichOQW-UngZ: 2 folders
1KPxby5vG3uSh_INYgnsWp8XxBb02SWgh: 1 folders
1TVDBEYGblf_65UReTKZAHMdEA7ccIDYS: 1 folders
1i4EnLBVcfT7a33NLL-eU07uvIJFrcjl5: 3 folders
1bAijkmIyryPJvoYPP1zyGwpkn89eRSL9: 6 folders
12wt8PSNS8mn_fPjADTFjc1OJSLi1mpa7: 2 folders
1NpZcEv3g6l6GEqw1sD0ZS9zU22gwkBoW: 1 folders
1JIbPHQ0sVVhi39y1avS_c0NOQA1XDYVX: 4 folders
1RAO74WbO7-FcrS5oxthUYtV3ASpjXZnE: 8 folders
14DgWRplmpl4p3fGA4Kw4OBLcihNZ9Aw5: 8 folders
1SAJTecejpG6UHx7ZB9cocb7xkOIr2qLo: 6 folders
1_dElcSHbWl6YHIAG1ysnwfxYY47GeorI: 6 folders
1KJU1YNBETXwoDUQ93EP3saX7zOrfyYZ-: 1 folders
1ho2J7aDAs8ivRuKufxqddUZt_X4-dv8e: 1 folders
1-nsfT9tNNTmPswaNtfh-3x4oq9fmrDOP: 3 folders
1l_0e52gFfQ1bUpYr-Lirs1xnJssbQaEU: 3 folders
1v9U4Bip9oVnPn8W5ypb-JfmUNM5N3Ts6: 1 folders
1S6LbvngBLaBiBJ1qXC-b7yKTrZSWV0wT: 5 folders
1tqad2hi_XP2yk7Csk0G10MASNjxd1bjK: 4 folders
1z6IQQvI1u8rGi69FtpBK6dUfWrE15wtC: 4 folders
1j4S1sZgh0w8j1Qy2kifqAWD3rMwxHr6K: 4 folders
1h3DjS0kk4bbFrhED92RL30GDWRW1B_6U: 4 folders
1pj9g8BjAgObBeiZJxmLl8VzfLol84u7R: 4 folders
1nNJ6u76ESHm5D-IL4IOEtumwZGmMr8Fb: 4 folders
1whiR5nT0MNztBttxHDp6YOl_pTQJSN83: 4 folders
1-H7M9smfCyeroz5zVTi56PJQhv18yP9q: 7 folders
1lFWvmA10Fo7EsM2KtBY7VtcWHLBx_62n: 4 folders
1q1fvWvaK-itbLb6O86BpPXXWu4y9CBTM: 4 folders
1vNR5VnD_OKhzKsKg7ikZD8S9lWBpBKNV: 4 folders
17dj_hYJYSFbVjpBeoQQJY3Ynat0IsuGL: 4 folders
1AHW1l_ig6G_IFBvkIxdWmshyRqmH1tqT: 4 folders
17c4uf60144EhS8E-6REZehyB26ZvwmB0: 4 folders
1wbxzWKCaz00DlrHoAimE3X5sY5pdgrrm: 6 folders
1mXdOI1YzvJtnBTQq2MnemMkAsgeV1dQ1: 4 folders
1Bof8TMuBHsCLumT3PidOasrFOkYUOx-O: 4 folders
1fszl2_zhsxWMO-q8upYwI2-RFssU5Ukr: 4 folders
13KfaXOEGbkup3bdtQTSYTzEip9mQIvaW: 1 folders
1VpsTvWFA1TNnp-Xoz7cNXiu-ku8MhNCt: 1 folders
1UuIQQCCktqSKHFRPWIXoWfIT2kFKm-hF: 1 folders
17_PeOScyCbBRAla2MHXxPMuIOQkFHHK-: 2 folders
14pxSlkf09yp8edzbcmvO18R6fCoLwbeq: 2 folders
1l6hBu8bnDBhx8tC9BnG1RpSUiAslUEhF: 2 folders
1bSeIxMtkmYajlWjkXiN5dq1ZFqYlqtSF: 1 folders
1Hk1KGtjr6Cj1Vni4PObefXWNNcvE4jcj: 5 folders
1G2Y3eIo6bGaGWqlGf5GtEu6VbJcwZY6E: 5 folders
1fxSAXRKuHRbWR4EkYvwqKyKAMiNviOhM: 5 folders
1wddhKmv6TxWLJioFa7ArvkJoLPKtQZAn: 5 folders
1mgPsMeDUYKWM7yAdWcfiEtyFd-qnuVu3: 5 folders
1ixLayv7MybggYHRj9ZKlB92jEnkUooNY: 5 folders
1jWMk6ERR6hEy8eOwLFK311ypWq9aXtPz: 5 folders
1qliZxQnW1K8xw0HuivMCiRvXB64DmRWl: 5 folders
17183wTmuTMECA4uVUKhgbsUI_gDuWrVr: 5 folders
19pl5WFmcYs4t8sAJymE22ZYiCXODMSsQ: 5 folders
1ynA-jfXOCZqdms5_2ZfHXWXO9mzVTwR3: 5 folders
1wjRf4eO5qZDb2IgGk2PV5y6jRt6161NN: 5 folders
1FiI9gfIHeLkgxGMUQNL4PUdYREBTLf4C: 5 folders
13MRSriHOg1OCO2ZimevPyQJC3fS7TtOX: 5 folders
1reBuf4lrTwm-yz2IWEpzQodu7pJEcuD1: 5 folders
1ti_f-6OVYgfgfKmhCxS7qbNFFfiSIueB: 5 folders
10ZfVc3HJfQs3yWdIn0uzQogdrX-gxXEW: 5 folders
1w-gHztHL_pg5YRTPJntJUCUVLXPE1IaD: 5 folders
1AT4vbkAb_SCUMIDIRHV454r1s79mkcG2: 5 folders
1cvlP8OdJ1r8lzBkTBRJPstg5OMFdPMV4: 5 folders
1VBVTuUTgs-dAkH8_gJ2ISoppLCU4qK4A: 4 folders
12eZL9kSN1-SUZn4cuzr4MR86E7GgZBT9: 5 folders
1pNqYY7eSJ8T4cf4mYICoGdYgc7U2hSps: 5 folders
1WGqPamQpKzuMkeSX_UyGLagkNkUho2YF: 5 folders
1H-FyHy-ryTbEhHnvqil3OXCu4kcPCv1C: 5 folders
1dNvuH8TGIb9rG-PrRsz1_1gfTpPLzAxa: 5 folders
1lIgts6UO7RdOK_aQznE-Un1zJBY-1AkG: 5 folders
1jq_khzxoEVHG15uhqARWiN1NbTY9z98G: 5 folders
1wwbtRZvT66Q9K6qlsO_8qiDHHB1t6jkB: 5 folders
1y_MJbMHG6tnjEZd_P2CWcW_x_4j1Xh3Y: 5 folders
19zNagl3TJE6wDt2Xu1rfvNXvHxJLMh_G: 5 folders
15NlIJ6GCcwb7Bs-JwozJvfuCfUCtcPYf: 5 folders
1fmbjBcgozgRtWCbDoddbzxnz4HAlragb: 5 folders
1_pfZnGXJa3DuOJ6EOus4AVXfClPBHa6M: 5 folders
1PFw8NOc6Hykax3zw--TS2sqARgW0wC_M: 5 folders
1nQzU7uesc1LJT5yVO0rZuasunnasnoqL: 4 folders
1NpwfguArzr9hR4F7ApKg2g8anlR-l405: 5 folders
1Fw4s9jQxQoQUdzZk-wI0WEFP7ms7aK5a: 5 folders
1ex_7L2p170xgW6H8WnMJodCdw0aph2ch: 5 folders
1qgwbIaeiC7VZ1cbORiTFunFVV9wO7N7l: 5 folders
1YWpwnBt_Tl0mDeFZhJeKqhfvwBOl9v86: 4 folders
1HrcKGU2k5bDk5sSzY9Cn508NkO2t7m2o: 5 folders
1x3-VHp22NLZqRmarX1_OEihSPRxpZFJS: 5 folders
1AkZrp3LSzj_pTOEUF6Ag2j7dHFO8Bi0k: 6 folders
1jTJubJfHzQ6RU_B6XpGYMAlolbBfP4Rg: 5 folders
1ZXCITIRiLtswJu01tBq2sFnf3uDrxTtq: 5 folders
1Nus764QszxgiemrfRg0bS603IlaDGkpA: 5 folders
12TSgTychlmtIEgvs1Pot_7uOvxRiYBAz: 5 folders
1vlgEa2-PjYX9HZcAQmpX7ewJbryQC-se: 5 folders
1T366aiw_hGQS0bmfkOEAg6zzw9_B9SN5: 5 folders
1ryvJOoyxh6Zf5x1Elv33CVYesW3qCcBa: 4 folders
1YNlt4eLk7P5OTXNjzvuHIyDxLmfiHT6H: 5 folders
1s7rMwLIxgY6tCVwiGjzLxS0L-NqRfOk3: 5 folders
1TxOekQfGm1tffM0M5eaDdQJ7YKnBoJzT: 5 folders
1YHA3mMcZEzOT5Vw4srekdiXUxJpqKh40: 4 folders
13Pu0MNX0bImCIArXk9LN_jAuL6psmjg5: 6 folders
1zd7yu_9JIH10s-U5smboonZ2CLb3tdoM: 4 folders
1wq3S3i94JnCUAPosRPQvF7G_qVsNrTL8: 5 folders
1y0jWA7VCq_Ra-fhb0m2PeGbVY_ECnOty: 5 folders
1yTD6eQUkghE48WthWvkr2TZAv9uqh6Yj: 5 folders
1lGZKClhXXr57UxX5_Fo3p9hzJpWuSMNA: 5 folders
1tNvJVdLlHULUycldHcGnlUNqHhXdZhYr: 4 folders
1lA-EldxxRVx7wFi4QZFt4pytqWGNeBhF: 4 folders
16Gt-nZBuX63QZmocjSemziweYNtgS6_i: 4 folders
12VZLuqMQuTfglTyhbTBBLwMYAA46_oRU: 5 folders
1NKSENpIN9BoSOI0TMjAulty9JYe5k2w-: 5 folders
1fMKh0jeAVoGuY8DyR_rS6rcXtTKD3BcZ: 5 folders
1wvSb1qYWf6vDTRZz3GpFvASmNN6vVdMR: 5 folders
1f37GVQra17--IPr6ZXNDnyALAmr8y8kF: 5 folders
1846r3a2KYhn8Gfrxuoft9o1p4D_nw4qN: 5 folders
16fNfxLyHVtcKNigkvuYTMOQJsEwi058_: 5 folders
1dsljpPbF68bMTsoFGWB5C0xWy0Z2SaXQ: 5 folders
1aw7SlEWtvfhVce-8cLme4xIvzQy67L-H: 5 folders
18vrSVYOw1G4h4xINTOa73qj9H9UvnSfo: 5 folders
1QaNvb3Uh9l4YRD8yA_DmzXg6LcnV_TUN: 5 folders
1dv6GgVdmeDuyjesh4aJMWp0xCCmpAm4F: 5 folders
1jaNZqOTGF5cZBWg3hXhsRljaxifG06I6: 5 folders
1nuvAuw-KA9XI-ExF8Ix_YkT76WZbfhst: 5 folders
1W3cMrSitk2keM32K7sTha418LjvCjP4D: 5 folders
12VVxa97Fsh6DuvLEc7bOv_zTEIw6f-Od: 5 folders
1WFwGM0qGdRHW6T5PqcLoK2xQYyp91y2N: 5 folders
1Bzd5n3HPChlUNvpwEch4HzxveKHV9rgX: 5 folders
17QHNtcqQHdO6WOB87nA8yOnh7tVWSV_G: 5 folders
1EKIcR-ZTioEY-2djdbd5QpPyZP2C6jXq: 5 folders
1o-LwdrIv7btMN6RMxZQs0gKymhVjMDyN: 1 folders
1oYpyo8Wy76vbOUzDElnFxLb7e7zfAbgk: 1 folders
1OZSau07qHsLnWUWUczIUXI2D9XlXNvIT: 1 folders
1s49FdSDkWVUBJXTeuX86hx0l8tw0uxJa: 1 folders
1ZjXbpQFnzCcwxtXXqp3izPHUUexJarcv: 1 folders
1bei7B63YlA2CEUBOy-LGNWIsSA-ZTbar: 1 folders
1Jy_mn9cjRE1sTLdPo58NzxzPzZhNRy-X: 2 folders
1TvCGG0c49hA0Gkex0qFCbC7L0a0i2a4N: 2 folders
17pcp-grCBAlw4G0X5itCtZVKD5vY2sZL: 1 folders
1UOjMvFUhO6YO70paTmxvqQts7OOQJfxF: 2 folders
1bOfMnJlCZ55Q47Tw08q7rTq_zTCX_D_b: 1 folders
1e1TRJMi4p-rSSv7zZlznR111BqKk5KeH: 5 folders
1CPs9IrnN1UGeA5Qgqd7eASDGSXKySYQk: 3 folders
1JROLh0HFK4S_Yx5qa2_FqEN8D22TIGl1: 4 folders
14XHm03b7mZT28uReHclRTrxUAkNrcDoC: 4 folders
1sg243FnR6v8c2hH_U-R4M2W4Ilpd8hrS: 2 folders
1PruQXvfCgmL5XawHo1LlgZPYQswamJSE: 1 folders
12ZegK4uZh03Gru9zaQdikr_RZ5c4slwx: 2 folders
1gpBh13TTvpHUb1kr9qTpZd_vncdjV2LB: 5 folders
16PlP3404taxi6UBkvKh_0OdtkL227yZe: 5 folders
1MCd3xcHKE2yD-wVtp2TraKhE4Qe1XXaK: 5 folders
13Ukb-c5dovyGQYHdEICvSgfA63wUlPOe: 5 folders
1mQsHxkk0d8WFyzOCDfcEkvF6g6icfmRb: 5 folders
1m_M9tn3C61KfkCoQSGyzXfMKhioQMi1D: 5 folders
1k6upvpmhWCq2IoKlHupgJNKBW1NZy_JP: 5 folders
1Abzvau8jte8dViWMiew1R4NecWg1RE9i: 5 folders
1UnHeBvraZOLunogJ21FJTMn0lIHDc-t4: 5 folders
12HnSoqqrs0leVhT2HqO1qq8yzA2F8lzs: 5 folders
1ckd7tepWNd7D5YS9yHugSNAeXu8bUu7e: 5 folders
1tRjtf67zxB9YEvxonojSqypzp6nM_wog: 5 folders
116dDXA0-SK8-Wuch1SwjBF0Z7yXXGpuT: 5 folders
1yM3Hd7WU0H_owh6Is1J79UH5EJE2ybHO: 5 folders
1A_-_hDY9YvCDteP0ivoQ76RsxmKTULT8: 5 folders
1UhxYCeyz1UZg-rUZQiMHIlbUeu7fB8Dc: 5 folders
15fEfV4pCQQDcgZPSTohU5mCQLB5V5xnV: 5 folders
1hzHyvoWDUDwHwVvmecamu1tCMj41T-9o: 5 folders
1KFhUY6oVibUYczk78q4k915MIiHM8UC1: 5 folders
1osSwX6FdJbBUkqQlCdto7UN45sEx4R1i: 6 folders
1EYSdCiKkEuk6i3W_3y1ic9GlF3AgYM9F: 5 folders
1YQIuImHzUmG0LzHQul21Yy0Vf9I7Mt8d: 5 folders
1KFASJAZV0BdDC-pp1i-RuFnUrVZ1uHzc: 5 folders
1m5K-xaXIVgAXMt5iHTFQHEGhajjJErJh: 5 folders
1aNBSaiWtwyhu4bY7Hb32G8K0_pxZEjll: 5 folders
12l902_6IprIjIedpr4unp8yNJVNVKiRL: 5 folders
1NsfpTKAfH4iKGhGmjBCNNh_WcXvO7UL4: 5 folders
1eI_O-iTHENC4K1eFfbgO6CeTJ2k9lvfm: 5 folders
1-2Frs-CZO1xwjXc8FQ66vZeEdI4Ib3bD: 5 folders
1mSBvU8CrLzmqqPpy4SRFFj4J_JVNfX7G: 5 folders
16ijrAsY-av9XbqdJ-WB_H7NJWNCsfbnd: 5 folders
1TNhFW7Y1VVQ83NqRjUcHdSBh9lc_NOQY: 5 folders
1K0ikBoBShvb8wljEXizsoh_lGswCuZbz: 5 folders
1DHPZihTQOK0MFRhNE6vs16U97Pcn1FLz: 5 folders
1JXCnnDby69v7miCAXNhjOH4W373CTXi5: 5 folders
1MgzAcvaHMwZ-BaaQZjPcxaMRJd29CK6F: 5 folders
1nRBRfjOyxW4-2D-6JGTuHlXAXLv9JRIE: 5 folders
1jDglg8FBF23xudIL7g0ch3eL_e4ZMXon: 5 folders
1hKk5XUUjc6C6USe-OyhMgsEUdA2-8vS-: 5 folders
1Y8VjG-1rTaTfQsXY0PafiUiFirGwhHJV: 5 folders
1Y12p3cvnQ2qi_p2a4XQ4QBnHJbBXqRc3: 5 folders
1Sm1Kdl99lYY9utqujTx7sdbB2TX_Jbq7: 5 folders
1s13mSP6vXQDPMEaz3rc4a84oWSQlcfMA: 5 folders
1Qt72HYBB5UxRp558VEWZNuAicUmajxzy: 5 folders
16eJ8ziwhn6K8B5f0v78vfVxmfHQCnlTX: 5 folders
1_37xvp_8nAeYOSHAB3IegZuDiSD7mGxS: 5 folders
1sp7LnC730KH5-eBjoC7TrOK7Iq08HAHF: 5 folders
1RjeX1pH6RZ7jOtxmKsH_5QdQWE2Q-ak6: 5 folders
1pWRtiVXuiWl-nMP0sfzofnivZcatVZQM: 5 folders
1UQl0SnxNIjcmYo757BWBt3kTsw0WFenp: 7 folders
1D0Jt-XoGa8nThyBmc3EwvK8iaOuAUMuj: 6 folders
1YCmAECLsJuNCvKm5eeWutcBg-5PPpfJb: 5 folders
1pmcTEiAeU8OJqOtZid8eWil-hFhxG6ct: 5 folders
1pTb_qKYpDVZVm_T7vLEzefC9tJRVVngQ: 5 folders
1wtg2FWgeF-hV6Cv_dsKJwbT0rqIIkttu: 5 folders
1jvnu5w619Q3hbSHObHdQkE_vBXcWEkDW: 5 folders
1XOH-Fw8TdDcUF0nnDvYK9rs2QIUkPoOI: 5 folders
1YkjFvPfb5vA9CLB00dpmAZaDjiOwnhrH: 5 folders
1yNUmzXyaZfq_6PuwIA6SwwsfMOqb35R8: 5 folders
15yx58pmLJccmEzwHrBltje_4evmaS5ua: 6 folders
1aOED_-DorwZodi6T32Ua82vk1HftEUub: 5 folders
1r0qNilUa1NWv0ze5AI7HvC09h6vO4euo: 5 folders
1nJlEEqUB8L3_WuDFgcQqz-PO9cxKU3pj: 5 folders
140uDB47CT_JSplZeYg73Ho6Voo3w2hEn: 5 folders
1glB_UxeSAu3yWVUN3dyEF6ZsFicsGpQl: 6 folders
1r38bqF3suKab9wKd2YfCKkrpZJLDZbOw: 5 folders
1dEObkMPhV8eGBs9PJM8Oyw8hHLZUUp2h: 5 folders
1DTnZs5CRfZlUtluG5AGTgrgyVK7zU_DG: 5 folders
1G3X3SB9DNI2m_lj7-Q5Y-fb75tBSMC8S: 5 folders
13Iami4327EnRby_2qIMCSPxD1J7J8JsW: 5 folders
115551RQCWYQ7471qwTkdoO02xH10AhR_: 5 folders
1icTcvVVy4JzMKWMVz8R3GaExlP_sYtfh: 5 folders
1fQw8pYd8uMufpUBwjLtWnw2XQYyf4WrB: 5 folders
1hVM1yypZdsJn4kbNUxTt3Rs5rQZoqDzw: 5 folders
19koGGGSda7iC4HEY_5Dcb4MLSfLDCz7E: 5 folders
1uq7YdJwQPvbH_N0UUXsnXnZkTh3TDxx5: 5 folders
1jcik2ZPMs6SJ-TwVu5g6E_ueHkWajwH8: 5 folders
12aDbimuy3jS8-iKJ3VrbexjuvYvRyPQx: 5 folders
1t7aE1cu9tb83ijqIlaxSEPXo9e_4LMWC: 5 folders
1ht_MCGC422QVYlr9-P-GGZpG4pVOHNSn: 5 folders
1KwTPyIogJyIwTLbynR2KbkHeSqKzUNcY: 5 folders
1cdtspcgVbqiEpCfRJsYpF4NEd0vVb8qO: 5 folders
12hi9jRLxk8ZO5KtLXocdx_sDHXquRQPx: 5 folders
1i6izv65Oo6C6hZcNeiTWW-yiyjIHdssT: 5 folders
11uGDIEO37eNVoxntUOh5YJB1nFPQFoff: 5 folders
143BVnOrIDyM8UQcVX4g-ZU8xeCUaFyxq: 5 folders
1nG76SdWEm3BCtv4Z-Fgkk0gWhl7xh3sc: 5 folders
1CuDhbXwDTYQEw_Mt61FEC9eoPQazW_1L: 5 folders
1OYhI6AVnvJCcMnpLyT-g5UA_lcXKcY8O: 5 folders
1Ho5jmrBtGJ_J7hTWKuSwELv9YpDf3bH5: 5 folders
1-FsTsA_mKgzb5m43Q_0oBP_-sLCunaus: 5 folders
1DssRDIxvVfFp0i_vzdp33skGSck68VSd: 5 folders
1Q529N9CGQbxBsi-V7PEh40oixzbnAG_z: 5 folders
1mAg7pq4lHsJTddPblX-uKZjyhnfw6svd: 5 folders
1oSVgNJ0NYmwdcty0FpElZIJKYIrOd2IE: 5 folders
1IOvZ_TiYq50wn7SKIisoBdybuYyVYw3I: 5 folders
123zdEcBmRd_i8_17i7dc0a_9PRtKmhUL: 5 folders
1p3E4zKELGm5SpOLZOF3slm-ttbDqmqtr: 5 folders
1Jm4CyofOT7hW-BcRlG2vGB1yl_VF2yUG: 5 folders
12X2VSZ4CgmVdBxbl9masff_hVa4pBgDM: 5 folders
1KXlJTIjXCEHJOUrMCt8XVVVZF3zmFmpr: 5 folders
1KvwOkdDlVP8xPxVuga0eg5D6gcn0fgsb: 5 folders
1ofgkFJgrjBSThyJeCt-MlY5jLZ6Ac7NN: 5 folders
1EMzEQ_QCnM3hmEbuINbU7e9SE3AGTjc9: 5 folders
1N_0ru5H40skW4ZB5FzKj65AqeTw5iY93: 5 folders
1ErT8t_GC9wlQaNgQKvCZ2b2wQJQ-nNyc: 5 folders
1ATdWe_AEXIXh8t4foDs0dcLt7rKUuzUY: 5 folders
1wWpWC-fri29Qr_poPKRyO0X-TsIC4Ray: 5 folders
13cgb2s094mhoUljfPBuG94oLesrc62cl: 5 folders
1SVLB00uHVEu-ae2mH4L3c6qTpjfeQ5zt: 5 folders
1qwjYZ_d2KdK_4jIwsM2YYBb-XUBl4YRN: 5 folders
131T0xWoA_KwpsXSZaXDkrOuku2BwQJxF: 5 folders
1AVhSgAcyLjI4lEaS4QAZhYyOhPXYjx5W: 5 folders
1zARdrBE5tgUNRQbAIM4Q5alqXlzkJL4H: 5 folders
1gYyXSdLtzPybLOQa8pNY5rr6vuwbWSpe: 5 folders
11CiS5oq5mbHvJba-lg4yDzN7tU5_OXq_: 5 folders
1duX7GqmuxYNgSMzphAr9uOnBI7rZbSEo: 5 folders
1EIHamyI3OtonTOZt4nieg2foDMRH-l9W: 5 folders
1LKExef-Zkb0Afpcf-_JgJ0PHLBmTR8jm: 5 folders
13BLaYX9CS8TODKyPhUwDj0NjMPzTT3ST: 5 folders
1KT3T51L0Ge-ftkaFVHD6JgoWiaVBYKDW: 5 folders
1TqWDl_8Agioh8BM98UEsI6yZ9V7CjvTa: 5 folders
10xTfA220_i-Gt18sO1bGb3CupxX754iM: 5 folders
10ZhNY6RvcTOrZR7mR9HTibaX2jT2tEYR: 5 folders
1NUXYqEAJhC7IQJheD9pRlDUe6stdhZxO: 5 folders
132WlUmSu2J_BYbOPTHEFYmg-ll0wwvoQ: 5 folders
1I_zBgETSvU-cStbuzcbkClgbq1vYCJzj: 5 folders
1v3bqE9leMUAERtSH-tM7zxwATf2-wLll: 5 folders
1e1UuKBrgvRYCJ0TmehPW7KMfGvCCDP88: 5 folders
13rlk6kl4VfEh4T4hze8nwlYueuoxc0-O: 5 folders
1_A_TJNffzVvX__X92-u4O5Dg2dHoqz1P: 5 folders
1O8r5apq6CIzbCs4Qo7ub5SIgzkQyPGVs: 5 folders
1V4L1YEt6J9oeq-ouCmGqj8sqtUXFNWTo: 2 folders
1OZcWW4tWSzVFtFuEMPzxM4Ct2ZfKjX3F: 4 folders
1_k1Zw-B1nV5ci5WM4AowXu-QOnl1OlV-: 5 folders
1Sf1OrD_btneSxgWvwhOdamftoUohd04R: 5 folders
1dV7Z0o4AjgWvmTIrozCD3mOGzXoAr7tr: 5 folders
1L8uZ2BXwp6RKHxhtD3ZJE0v-vqkRAhKJ: 4 folders
1dYl9MUOIiCkEa_eBneoSA2sDs0xfk62r: 5 folders
14plSs8hlpfzXf5wtk6SpOqooMrXdwcRo: 5 folders
1-C_KP3GKxk8CLbl77vYQz-N_0wYn9sjy: 4 folders
1OkiGoZ9fOqmFNMCwWqknDNj3rjztk9RR: 5 folders
1T5n9Gzw18Pyq9qppt54g5LsgsrODHsXx: 5 folders
11-12V0L0hhaowFUpCStMg6J2whVMnEHy: 4 folders
1e9asTeaZRK_K0eVJmpzNJn5a9RvOJpYp: 5 folders
1GGrm-JR9lifiCB2QpTdF41XvPS25aPan: 6 folders
1DUU7hpTXOSAlo1vruH9ubfgoBvuY3L5M: 5 folders
1MTbKYOJnVhGKMLHtUjbZl6Uuj8XQj75t: 5 folders
1fsm7-0tOqCiU5_U5Je43S8L8vtVxXsxO: 5 folders
1V7pBGRuJR2YbQ6_8XhhpGq7MZZKbrNZw: 5 folders
1TftSg9GiQ9PtbJgPIeES-QCUX8rBVIfn: 5 folders
105XZnYWP51Brp_6jGLIRQauIJsxdhuSh: 5 folders
1FYbB4B9BKMyCWN50GyFBXcr0q_YJ1VTB: 6 folders
1QM-sCh353c3_aFwvvs3P3MyyfWlVcXgR: 5 folders
1rrIOQd_V3uV3q6OG9vTh4dgtLApP3zWS: 4 folders
1yQqJYS6KW78Kwrl4yAXZVm3cWH-IhMrT: 5 folders
1-cYMZVOn54SxSub7ICfnOOI0D3mF4Ix4: 5 folders
1edzMZT7TktjeYF5KAyEck0xv-uTWMOOJ: 4 folders
1lZaRKY0JZgCaM9SfctEDfiRH1Jxb0Lqu: 4 folders
1ZNElCvQY0Y6S_kdAPMIu3aOQAvvH4TTK: 5 folders
1mqQu2jwEW1qfoczdPrjSzXaKAvFjvJby: 4 folders
1m8vgTvlyht-GytXok2VghxXS3bd9Vhaz: 5 folders
1kGVJepR9htt2LI-GB4uRzs8O4A2whY9O: 5 folders
12JPLB4pnibz7ZMDCMUK9lNq26swzsjt2: 4 folders
1OQcRSeo9F4ASx1zEkz2QO9qMzSqmJ2_X: 5 folders
123312fdD0lwygh-TJi1eTpNjJKCD0OcX: 4 folders
1HKD9NqPSuJGAuiHPWixXqeisJ_UsX8BQ: 4 folders
1NMlfkviHUpyUPDtbh_0PaRoQmqk__Vr6: 4 folders
1CjoVNbrDxo8aGxaP_KEBEp8RSfLveKXh: 4 folders
1SAByMwTfCI_QhiJ0aFMHRhyJAGmYY-hs: 4 folders
1GcgXVxBHtCKRl4YBQUMzuSubQe8ZlX86: 5 folders
1_y0dFC4xUcP54x5hGPDz529-gvabUh6R: 5 folders
18zP1Dnzp3YMcDQUyBtvSJ0Ve6BjZLERk: 5 folders
1S_hGO_iuNv6CaFRxFv8dhQDUZoOYl0YP: 5 folders
1ps_Byzco6VDM3vHZFCaikqpWXAFWG-Ip: 5 folders
1EfMZOm8yZWiG-mV2Xb2bE06Z-dO2Fndo: 5 folders
1Wf_ztllZ9kAAjyoLf7YAZwNM6MtSNyWF: 5 folders
1YmCda7gtdydLHgDTeIQotUwYzdcOK12d: 5 folders
1akaUKd90vtMRHibOduQpK2b0HBuFW7as: 5 folders
10LMVvwNAjeJ3d7M1TQZ2HwUUimkaN1SH: 5 folders
13BtqEz1f8FHQIcLS7xNJyZF3lY4mA91o: 5 folders
1n1tThixUjJYHwex8rW5cDSuGXFaTW37h: 5 folders
1sd7JL8ADLoYmMirO7fGRPM6XtStDyymd: 5 folders
1T9pYRWZ3jvO6TjSnl8l3xLoHzGAs_PKv: 5 folders
1GkWLEb3GwWc6jDDT5rIXVt-yZUiRfuLI: 5 folders
1QiygDH0itQoKibCNKZLSjdMjXkyWbaVc: 5 folders
1QJ0LFAW8lwx1pG7MoGZ5ASTYrn4FE6Jz: 4 folders
1gvlP60RPVNt41n6_1BnSkXiaYv46XsJS: 3 folders
1dxGDColE3b9YzOOuBRLUhLzK4KyRWHAu: 4 folders
1t_jvrBwGycu8KSGG1Olw7v432rGvUbAr: 4 folders
15Bn3NzXJWumHdODfzAelZPbiHD-kQ8dj: 4 folders
1mqqclmJPUF1XPQ2mkkbZc7YrsP6sjGD9: 4 folders
1vBlE2b_wdLflwOiSdZf9Gy7_SKv7lBO5: 4 folders
1Vawckdxq4_cFL_MP_uru9nWx2uq2oEOy: 5 folders
1LhUHTOSoAg2ysi-w4fehUwiR9Zs115JZ: 2 folders
1wbxq7Fdd7_xjBF8P1MX8kWUkAV67qque: 5 folders
1vP9nu8uNBwa34tJkkwwMeublfkBEQTRS: 5 folders
1nH1BrCRt8dnswNygX_sWsV9JrNbjUA89: 5 folders
1o9Q1wERmPbXzXEFHBrYOQ1fhp8iirjgl: 5 folders
1M4ssqjW_oP9bM34a8UU2LoZrio06irmo: 5 folders
1DJ-XjuFQ63WTI0N5DQ8SEQXAIUeWLsk8: 2 folders
1dwg7hZPiYCRJwA7JUg-NmCg887H4r0uJ: 1 folders
1GGVZs6ScN3HT5NZDOmMa3QK9c71ABeht: 1 folders
1u9HibUWJhoEUEm1KRwcm2aGGPI7KtDuZ: 1 folders
1_WQ7ufVpR1pm4bLcY3zS5iaVHswXvM6l: 1 folders
19BMSOdBNfa5Fh4Kf0WQMZuVROP-SKD3-: 2 folders
10yS1NrjlL_FJbhICYwfodqR7VReHILSO: 1 folders
1UvSHe2nj3AT--y_DISu2QtwPhjsdsBRR: 1 folders
1yjAbeC3ebmzdyAd_lx23mGYEuE61jf_a: 1 folders
1ZRWWOjrK3JA37tska1ZWPRpsDCrDpp7r: 2 folders
1EUDMUZGIJCrxjekejf5NQ82PRVtTZS0c: 6 folders
1c0kL9tl1XQwnNjxT_9P9K9QMfwVr4dk3: 1 folders
1QuPH-eFnmgnluz5AUnUT--LJ_Zs4KmW2: 1 folders
1Npd6bP9MFLFXF6B0NBn9ublIslu6oigE: 1 folders
1NCBvhq91u04-cgZm802sh8ckvBgg3OOx: 4 folders
10dQPet5OM9_w8XwexgNmLTTmB-M4nFQc: 4 folders
1xzhE7ngcUQQ7QKpc5AWYfOfYRUeNJykh: 4 folders
1lU8PGopXzHsNelwHXUc7h8s1Ms3v4OcN: 4 folders
1A-e3aHM6fmZHKCgFSZ67LQQqK4UbviK4: 4 folders
1sLKoa9rnUw8suJmf-1Lo7Bec9IE5uWdm: 4 folders
14fKS_DpH7rMB0nH-Ve416yfpZ-eBc3DM: 4 folders
1jKAtONZeW5tNmzmPIpia9eMDTNPvnWM8: 4 folders
14R5LlzUqXzQMloDdu9RKKkqc3EW0ZfM8: 4 folders
1LWk07I0V1vztf4Y_8KteUbZ4aiwUOJOI: 4 folders
1ENf6t__rW4xQkZek5krcBUIkLk58JyzS: 5 folders
1iTvaUR9yfWAwrQE1BpTGXIo6r2wpcE-0: 4 folders
1lkL99l730UW-OlbslMQA7JSdQtjBsXpp: 4 folders
14oeyB4JHT4UujRh6qEMQfuxCtOokAskr: 4 folders
1XswycbEk5RH3QhJ_ATgBspG4EF4bzyaP: 4 folders
1tkoYEbJ1o5UZ6ZRF88vzRXEYU-hlAeZu: 4 folders
1wZCVvE5miZXZOCFxQN0zJeQLTm1e-hdN: 4 folders
1VTwlkfSHMb1s9qxOB7hCPyealMY67xim: 4 folders
1A5rAYyznc7UlVWG-QcQkMzv5YVzF07rM: 5 folders
14ltGjUVT58Ar5gdmEAC1_iZdL6ZPOi2J: 4 folders
1bTS4JdhL1vNozPrUPNUfeW8QWNTBRQOS: 4 folders
19crotLCgebL2SjuaS6PJnbRra4Gekzoe: 4 folders
1AhYyi_sTX8P4PTK0RSxwimpf8rhhsTNw: 4 folders
1u_7g5Frh6hi7TR9wlCBrTBBLhtY0msve: 2 folders
156giZxSPtvpYHjT4y7DF3iYAgsJd3_Ag: 1 folders
1GHEOidlbx5yOnIh432Gc99KQwO3T_kXX: 2 folders
1x01WPHWa0VTtaMQrt9JVZxZ51VEUoipt: 2 folders
1R4Wz8hd6jQiDHJKqb4pmCvkOBVtsuj7q: 1 folders
1h7r6wWPfdyXAiQFbbJACUizKnpiNA85u: 2 folders
1vQ-YfNSkVZXQnJfU-6mWcZ0_EemKOlsb: 1 folders
140wZomB6olybPnlQZ3NocPjfFS-HqJtQ: 2 folders
1nqkdx4FnsuixO05LgoomSK4rGZ4AAOKj: 2 folders
1MPNuemzgMtxGsjtDuXqEhCpl8UFKNPA8: 2 folders
1aRxradyR1M8lcp_wZTkYYIvs1-U4Zpf2: 2 folders
1njUnWq0M7hS061YZ9thrTESRmS09Z8Ba: 2 folders
1lkR38aECldwUuUqPEvtLHdNEkOxyM7Lh: 2 folders
1HDGhp2NKnlqKL6sv3YGX28ObYdNIFPII: 2 folders
1rnn3OxvgMDDu6TX5JxMKtmmweLyJG4bX: 2 folders
13Ho63eljqxeum1eXZkgvUKxSPndpNOwj: 2 folders
1xsq_sCuSOskZqR87dcENqESHUvCLkNib: 2 folders
1EvPqZk8GSoY8z2EBV1PJIDNB_NsMXU0h: 1 folders
1xuZLwlfhw_0OUY834_RVjFwrTFXoK6hu: 2 folders
1wikBQNrlM3Cr6p2qMgVczh3OAVpSpuGf: 2 folders
1ZSuKByGX_jBdOCUVxDfleqLRaqvcJn_n: 2 folders
1JnTF1ELCi0AAswEBIDMm2ezPO4qeCTJU: 2 folders
1JdJ5Y5EWhTWFHXUB-fgtCx45O1cb1qB1: 2 folders
1BCEL7aeTd-52A92cdfCbs4Oi8UPfQFNA: 2 folders
1pdVy5kfUHJ00gNFgrukpZrQlxFzeCrNp: 2 folders
1F7VEwFT8M0SJoWekUrFJTK7H__O5ezP-: 2 folders
1fib5vEgBLUFUVQH-0dnbs56aiSrpHZYc: 1 folders
1wQYNLHf6IE0HMXoJFKm5yBKUFRLB2dpP: 2 folders
107GV-jlol0EqaDikD57gOc3K0z_QHzQ5: 2 folders
14Ng_KKcUJ-n9R87aYHm-Q2uFdFlcbDAM: 1 folders
13nofjSbEAYgF_gcWjghocH23lLjELNXQ: 2 folders
1ivgCmPLln3uNMw7KNWo-BB_pc8rTs4Q3: 1 folders
1BZR973tMITqGwbnTmlXBaObuG5MYJxtg: 2 folders
1FFTqxvtoy1Xb7qqi-pUpmpTfGyp9UUQ8: 1 folders
1mZCfspmwscRw_5u_b312Ge0T-0gcoFMP: 1 folders
1gDcTV9en5YQ-kLlFgaQBaOBvI3HZgTfZ: 2 folders
1vox-zFL2qHX4n5Ip_PV2ChHRMH2Mgy0z: 2 folders
1Q7bFIWeMxUwkRLmNQCggWRUOHG1OxjvV: 1 folders
1YPGhl1lnLOAxSoJwOZjuVG1sit872QCq: 2 folders
1ZZfcQ508Cca2S8QFrmEYVmfwP6CyXQYR: 2 folders
1on3lDeRURNaGs33645ycmSyR36e3oBp2: 2 folders
1a4Prvgf5dw97ykcE2kreH4_hsNfsaIWB: 2 folders
1j7Mp5a3hZXaPnkeVaZdfoqv4ubcNjTM_: 2 folders
1SA84cQeVDM4gIlzUc-f4vtJGfdOq4aYk: 3 folders
1j8fOEZh8nKSD-_vGsVgYLNx4J3JtNqbf: 2 folders
1o7o9mdF6P_VoTdIuRu-xDboTt-OxDT-y: 2 folders
1_xX3Ki_Ic1sCT5xyDe0Z9KFK0sSuAk7W: 1 folders
1QwY4fJYN3EJ_9s9B2cLAvqC8A7OQRB19: 2 folders
1ofIVkVeg1_hoCygd1Ow7R8-_HHn8luG2: 1 folders
1K_bhmG_s3XjRDwjy7snR-b1IsvbM_3-6: 2 folders
1MIKATuqHsux0XUA9EY3pQZLz2eaX0rIv: 2 folders
1rrjhTO0pDuhXZTRiD3qli3-a_HPZRdfJ: 1 folders
1DQFjj8-2LVNBZivU8ubkVzNVOxF9Py_L: 3 folders
1yd6PEtoxsdypTM-cOt0HKNkckzWR2_wA: 2 folders
1988aKQfRxwS9xCYkKNsL2CqTplBwrHT9: 2 folders
1d5WexoKeBYDH7UjEjcWFAaP81fEdcwhr: 2 folders
16mdnHxz_VOpmgOEj6sGaN6dNo-VH0XkB: 2 folders
1wbxFSVPlxeuXdS89DBFsL_seEnPbMlZv: 2 folders
1XX1SbRycsn1naNah1X42nhn5xt_rQBUY: 2 folders
1pHF2yxB7BB3GeZIlmmR4WgJXP9iRyKTq: 4 folders
1-73lIsiZi1CjhUSspsVJzEzS3dTqv8UU: 4 folders
1o5S1i9_CQ75LJzOK_npmIrl05wBHjD-H: 4 folders
1OGRdgYvt7NcPcfmUMRhPM5R0S_5cqrze: 4 folders
1zGGVt7rKKMf4bBIV5tzmI8POW3IAm8gu: 4 folders
1izFEuQkLzHxo88qMIh9uEZDGQzvz32A-: 4 folders
1zehx7zxx7TSOcTaZ-USD_gXED_FznQvX: 4 folders
1XWEeA30kwSwIBaGhOd4B1TmF3WKy8XW9: 4 folders
1GW7lryIMX2LpJomNqSuXX_UwQ9j-W0CM: 4 folders
1knINkc6Sy1Mql3t3yrK8T3CATPd0xScd: 4 folders
15CidvY1p4zJDeNoLqTRcYKhJg1lxvtuO: 4 folders
1Ec_kAbJeIO3YlUp3CXaVGd8g-UoJMkL3: 4 folders
1H5OhCB3BViF976rU_rtl6DOb9mz07wVL: 4 folders
1zdCW83sRJP_BrDLqS9LccuvMnW3PkP3C: 4 folders
151kDkXaY05uyuKb-4sILf-rjZ81G-Ere: 4 folders
1EWy-485yMBJV2gJbQ_Us8ol4MJSEWs4k: 4 folders
1rLpNjeFGBFdBingseWJPnZ5i_etCOYoF: 4 folders
1ZZjmH6zqYwRsBG-3OvfB1qbmmVIM3W8n: 4 folders
1CQqS3lvphZ82XqDbeJmweBEWCHt5y34Z: 4 folders
1yqWU-UOfUIP0OWJWS8R4fw_ueYce0PFH: 4 folders
1smVN6SEwiUJ9ZFpZMXjV8KtDDcYjNY7t: 4 folders
1Ie9G7yl13Ud66D5cOPIGLxelTsdemKjk: 4 folders
1GxkqZrIAf2ISMa0_AD3JY0Aa9GjXwZ1j: 4 folders
1TKps4mFHdUcYk-5BopmLC7ZpzU4UWKWX: 4 folders
1d1ivaBynyWQoSLNbF1dkRrd_GWFtk4xW: 4 folders
10g3qZympvyvBYzfEESZOB8yHLPYFsfJ7: 4 folders
1TlcuRSeWIZvEDvmNKvoM9ip2o00kMb9D: 4 folders
12lEYm3B7HDdkwKw5YMRiZ4mC0T-wkRkL: 4 folders
16djmVUJRA69A1xHTE5_Tmsfk5IX3vy3R: 4 folders
1VSDcTudscxsuLfn4UOjOj6fYcHZ65kkt: 4 folders
1FfBiyeoGMBf1sehVhiu-iq-GNcvquXiS: 4 folders
1KW-pp5zPYbkGNkuSfDnPgLmQ8qGGWPIG: 4 folders
1mP2-i-TcDOvB2QH9w-CIBAvvhgTXd1Re: 4 folders
1ATnKdLtDMvcaQVooT12eT9kkkMD8Nf5f: 4 folders
1JE8bQYaya3rDM_sXtwrKr5AyzNUYtPOn: 4 folders
1-C7tSCtSInDdVcUhl_LtBxs6vxXhJcMJ: 4 folders
1ieoePbXbPHjlsMMA6dActE9zhQpve3C_: 4 folders
1bMCQXiwO5kwnrSPnAzTtxylyAuZQgK1J: 4 folders
1lg2yPUZb2m0CDVhJAKfrj1nimUKYM8JX: 4 folders
1hNDUmpzkpPbU_R00voUf04Goror66wZv: 4 folders
1pHWEia_--_1j9PnrIKwPKJSb0Gfbs_c6: 4 folders
1x8TPlbksAGUYp2Y6nchmSsV5_N-Dt-Yl: 4 folders
1wqDlFSSi3EiILY4f_Jupf_f25LhI-mCC: 4 folders
1k5pph1NwdNR4fziHQI9qsGPvGQEY35Bt: 4 folders
1FEwCDRF16hP1QG5BUdzRwZTnAcKTzxNh: 4 folders
1MwPFfFLQdarNujFtEnHOGOR-k4e6Ao1v: 4 folders
13wg5obfpOrsoCcFWWo-YSKR2eNTCGyya: 4 folders
1v7nFEzrnAYthgaIdzR81lQxVaxDTukH7: 4 folders
1Vj9uMUqTGOpk4c0UHCTOEwqcCqoXk8tf: 4 folders
1JtgcViqd7Ta2uHyOtXwpJzf8WGNTg2vM: 4 folders
1vePqNdIJaid8Xp_wllDuPD494WHful-I: 4 folders
1YttrdKImNC5kYQtaHd6JR2FEJV-aZq-5: 4 folders
1o0NLc2kHQmguWlXwHqq01N25lOBKU9Pe: 4 folders
1KmLxbwLpm7gr9-QA_iRVmghCrmSc1fVC: 4 folders
1lEV0V8cdfNkB9r_h6NYtywtCwblm8bLz: 4 folders
15yvA2ifobcMgAw5XlmyLtzIvR7OuKL7I: 4 folders
1bJWI5meFf-AOtDwHhiY1gUcSTLK7gs72: 4 folders
12jelFU6O73YVuMGIjfDvgLYOV1rITy_R: 4 folders
1h6dzYsnlwLHlp4ZD4xkdIiJ9guT1n6hF: 4 folders
1-u7SzJYkd3zkDtFsOnJAFW0dQuPg2neK: 4 folders
1dBk7cqErbGPzWZTfYcQ1SUUnfozmbX_l: 4 folders
1gEIRk_FZ9eM3zRbgUodyM_MCM-4YTaRC: 5 folders
1UeNfpXb8rp8Qt3x_XUK1EiYrR15eGTT0: 1 folders
1AYvjauMJBQo6HvQue9ZppYtH2xR6ffbP: 1 folders
1-XNbdeUVT_V33fAvRia5G4ydPNFGHMmB: 1 folders
1d48R0CuYAEzciTa2t8ctEaYMq4HtYTaR: 1 folders
19M8GFaxvPPqbo18pQMreD9UAlqcTc0sP: 1 folders
1G5bwGNT5ulunzAQsfk4BshMrOhg9vB-I: 1 folders
1tOjNezcTmGoZ4gsQZggatc7FmdsmMM6x: 1 folders
1UoC2DPS_igZUwSQfiJXTPOFIGgLW8BO0: 1 folders
1jRxV98RcZHllMNrt1XF6K2RPSqydZG7s: 1 folders
1l6C4oqKW7Ou8KBmRRDaBYB5fk439QZk9: 1 folders
1RLXW24FHptVdOJOTNhZ-k-42ZDgGh-8C: 1 folders
12_cJZFH_dJ6iUaYoeh_Pe90U1sX-EwGt: 1 folders
19fbgXPiKWzf3sVH1n474CDrVQu140LL5: 1 folders
16kmTHF5Xu_HgeUP8shcUFDx8PvFnEa6r: 1 folders
1DcBsE8g_mmWPSCCEd61d3AtGb-GWG70V: 1 folders
1XWufS0UldlgNBPH2fSfnJSIfe2q5l8wx: 1 folders
1pbfvA_puJ9v0EhqrVkJpNEo_JXMekp_x: 1 folders
1LWnzd4IiJBI7imdiYfQwV5MdxVAhDiYA: 1 folders
1HMKX5BA5LCQot3xcEiQAqxAmJuncZCIZ: 1 folders
1cy4cdicril2GfR06ywCRfglpKHgAxKSa: 1 folders
1CO6Zyr7cj4bgJty8KUefKNrf4p7747Ah: 1 folders
13aDiUoumUfw3z0rVqDRr9Sdiwnb8fPXo: 1 folders
1aJ__E6HXDFdr5QTbs4ZvVvh6GrQ7hQG7: 1 folders
1y1-1Ywr9AOOP0WXhWoXB1Fg1sh_GpKNk: 1 folders
134TyBCg4EUBpVrXjgidC0yzULKHWsVQ9: 1 folders
1_LKGMHhZVxAXzg2SuFeQIdJF8-BWM8WJ: 1 folders
1W4nWlUU0lzJg0hd37T9VZx1dkr-ryKn2: 1 folders
1fEi4dXDDX_pN2mRCK8yhyqLt-0GVccu8: 1 folders
1icovIghFaKEe96FjFpFA9DKV11wQxCov: 1 folders
1q9y9Y69jq_67YM8dYi2OFMvEiND4j_BW: 1 folders
1fE5bT2mHNL-Ct_feGz1xRnUi6fuJmjWJ: 1 folders
1azMRU_gKemzdf3va9J-qxQuaaQraRIgN: 1 folders
13gKGrIDwpwMQXY4oRdR6uj78lpLLWXlX: 1 folders
1Gry7_yzwNSD_Q6Guv2x4NCfVrHQp6XLx: 1 folders
1Qxxm1trWpihpg-IaVMNiF0MniNOlPs15: 1 folders
1GBcANeCW5cKT-08AigBITq-pdS3PgZp0: 1 folders
1AnNmWuY34h0PvpiQuLefikJNNTE4cgbG: 1 folders
1bqPGhZVesJmScAvAJTlEWgicXE21Hvv9: 1 folders
1F1uUqQsmzEPXX9-PXWddBgacg5w9_iNH: 1 folders
15aFMlLAi1aPSA01kgdVf92t1U8yDd5KI: 1 folders
1FR-8t0LqquXkSMC9oGKvjxMXnsw0cJJB: 1 folders
1Fb6VrchqMMp-0h7Pekglr5u7Lkx8y5zC: 1 folders
19BasLhcdvZiG3Ah09apHH27UY0UcLGDo: 1 folders
1dyjZ2uADBSg2FoVq67jHJ0Gin1DQ67Ns: 1 folders
1wCYpi9F_Csi9puISNoesZNLaMTs0jNCa: 1 folders
1y4ro84aCrlGNMqIaM2p7UAz_KnMpacbD: 1 folders
1chiAJHmB2HJBG6h2eUaBeGHkMpdB8a1K: 1 folders
1ZSH4zJRF4Nr63U8et0DqSWGJAlY10boz: 1 folders
1_X2KfE6srwCNTpfkioYz9ldwNO9XUTs7: 1 folders
1pKF6ZXJGGfP1IINk3kTvtRAmSBjCrbDO: 1 folders
1duPjrJlBRZtNYIVduE7cOHncY0-KSbE3: 1 folders
1KMBAOTV4BarwS_7S5rfVPXrQQ6VMNAwH: 1 folders
17o928SaoI3L2QEG4YrWlOn8KbCrJfXs1: 1 folders
1ttxTOmGZFDAy3lmBbbzbLEqpfIzO7wnf: 1 folders
1hk8lxBXVqbcuIRnF8Dng2vyFyiVNCxBt: 1 folders
1p3tKzfgXm4sEmF55DarOAnsucC3bOimE: 1 folders
1StXW72YFM9atyHQy2YNxMt9eo767dQ-M: 1 folders
1lG1Dg8KLMXVW1jXlwvXttnQyOiRTOA3Y: 1 folders
1OfvL6FazVHoPl4iCX4dPCQUHiyhv0cmy: 1 folders
1pDSDrliZgrkybZd3Afs1nUkC5dphBdBU: 1 folders
1fweUr8mVU6Je8dJvYyVt5yfGlF6C-sQ3: 1 folders
1hxx20eSC9nTOHPQBXK_EaphTYtUOrz1T: 1 folders
1paLi63QapP073anJ0gsW_SBUVLlI7LdU: 1 folders
1PeSDYQ9fzBVJ_VO1uYSAT2PVY7PJqhdP: 1 folders
1vJHlHBgU5jd1TGgZGAOahb6NulDNEHwI: 1 folders
1JtJ5OfxVOffq06aWQME1IyD6bEl79fCK: 1 folders
1a-3bajYTByrFlhk3Ju__MwGK4S5gv3WI: 1 folders
1SjF99tjtcC4j0zXHSDal35fwYKUoglw9: 1 folders
121iiydVDJmlndM_CBJlFbnMC-2k1UVMU: 1 folders
1HIHmpyfxnGmaCiJ4mQjAq6jpOybwPwzc: 1 folders
1YVpqa9W_YTLl7L2NaqgAtkRRaspf_q2Y: 1 folders
1BHMq4jl_fw8a_cfy-wnTKBw6dafwvGk6: 1 folders
1_jaOarH1nRBIBFp5Z0-MCnFMyPXCXCoJ: 1 folders
1_Fx58yGsnqWkfT8T_qrKM5Ejp5AjfP7e: 1 folders
1miAFoP4KaM9dguJHlm8CLzt7e0kIJ4qj: 1 folders
1gIj0GHOos7eycBBA6IBaKXseyiBoCOvg: 1 folders
1tVghxqBdQpcXrxYOZYEr110dsT6WFswy: 1 folders
11TX9xBS5qgH9cnvVVv3xaFlmiE8m0dLy: 1 folders
1HIOmbjZAlP9MSCBZxvTbh898RrHZND-u: 1 folders
1YHqdDk_IlTetWsGq20JT-xL2cK1lP6Kn: 1 folders
1DDG44YIBstSBjgpWGxBsj_moxM1ZlxG6: 1 folders
15W0AWXiNWRcFKZvxypt76uNpw9YT_ZL1: 1 folders
1GOp4VNSHGmCXgAvZ93vHIGhgOdexgKso: 1 folders
1ARGXZztdLmG8iRK7RIgk9lIJ6OT9seHB: 1 folders
1RdY6P7X4vgPPPuYIPV1WHODFhInq927p: 1 folders
16LLY6w2T1ZvEbg9cZXLdIltB5C1rkqJY: 1 folders
1zyIOORG-so6LddNLRui2UY6ThpKe5tmx: 1 folders
1ShfsJ295RDL1yn7r0W0e3jDbWtlVeE4Y: 1 folders
1VWi_m2kyGQnVGFlrKs5peJc7wsUenGYD: 1 folders
1qqV-vdtUa9u4-tJA4og7QnFgIZ9U2_LO: 1 folders
1OEXsA0tCSL310kk6CSTVO1mJf3MZ2l_N: 4 folders
1sHG3DXyKKsZeGAEeEZ8k-5Hq98UHOuJ-: 4 folders
1sX2BCKfHgIsHOD3DsNQ4OGdCtSffga4z: 4 folders
1FSlpsDJRd6yjl2Kbw7mQneN6gh9-qd_Y: 4 folders
1Ejr7pMJMs0XNbphExW9J_U8vQcXW8f8j: 4 folders
1zqp48cIPDLuhNJpXmg8-JTGAFixV8Iwn: 4 folders
1Daao0cCIdbS0hTTBwwtjJn8MceoaPHRU: 5 folders
1FOzFx_6erq0_Z0C8hW67sfQHtEKU1C4N: 4 folders
1ewx1qC5j2fOWlwWi39yOLb35pcWiZnMB: 4 folders
1B3RXY0dkI4bJUQ7Ud3It534Wu7Ex59Yx: 4 folders
1SzQbI4xjo7crkM4OS-Vb55ToYXRPquz9: 4 folders
1ATcoevzGbWF_UPTyqC6hHoQTV52b5RDK: 4 folders
1NZtpki6312z9S59Ar-IMcXYdRQBt7xBC: 4 folders
13US61BLF-4BWxLim3s1UlfuoV4Uyu_xZ: 4 folders
1bco2Uca4iQTeN_gM6_JMzV4pPGzvFzb8: 4 folders
1ZIFsV5FzDetOTLJMZzEnMYkAsKGVpL57: 4 folders
1bP-4h1OFgku3rt8AB5ayNdromOX7Wd6s: 4 folders
1Kc15uITd5_u7s5WjU4omwhRyvgFas_dj: 4 folders
1malTDWPrCz7Tm7vROHjvyHTl6bBp2Sz9: 4 folders
1KuyQLDZUbQEFB7XIv-m6tvaW4j_1rHFP: 4 folders
1iWpVRcGA2C6pQ0eUdiW-bJrtH145SQfF: 4 folders
176Wn5EcFm6LqwqZ2A14A-MRTvjXULyk0: 4 folders
1FzO9nNnbQRJUCCREMxbYYf1bxd8a9l2d: 4 folders
1eXinZsuxt8zIJmx7Gw2LMuk09XAL9A-w: 4 folders
1fKaeELL8y0MEVJXP1Vufrt_Nt3FejFC9: 4 folders
1aSxEcUAnWU8CCypZM4wDjWqUVZbmBtp_: 5 folders
1fd6laF0Px64x819fAC6pmIQ_bTawxCk8: 4 folders
1AoicfqN08AWpQKl_ZUqborvf_uSDurR0: 4 folders
1MXO8dicNNG1SD6_JzqgcDf-78E7etzbk: 4 folders
19NgnE4hMuELvy-DJL1sWA7qRwavRNDns: 4 folders
1tbshFMgjhpfggZbDuxZ-gcj9YX02MLdm: 4 folders
1f4tWF0p9c77Xp3ER-zAeuDQw3HRiPegn: 4 folders
1Xy4MPgzqrJ02nAe_e4fWl-QLXcqQWwpc: 4 folders
1X5CrGnsl-dwDygSI4ni-5KOKop0jxzZ6: 4 folders
1E_bDALBj8lQGV3-FQLhG4iG8fgV_VCGp: 4 folders
1rGW254w9DIBa5nnUVvQNEYAA_414-KPb: 4 folders
1FIUi6ipi6ysdhH-0grGhXP0to1G8XdsZ: 4 folders
1WuARmTLgiSCEmowIVHAkgWCVluZSdZP0: 4 folders
1r6McvGOgkQZrhOCIjjtZLO8Hi90HLrq8: 4 folders
1NqK75T59_RoS5d3UnoyvZKZLb4S1NEzu: 4 folders
1vOd5CjnIPBTIRlvUBVO2czvBL2NIoIeN: 4 folders
1AbKr6ToTIFA3FhN2NPuotNmbirW7aECk: 4 folders
1BXg-eFXV-ZSAoZM3lgI4u5FU0Pll3YWv: 4 folders
1JeHJOuVDSGxC-hbypaLeRiK2QkcA1eDY: 4 folders
1LWrJolRHny_ogkR9Yi6YaMDmj9sCZGNL: 4 folders
11cM5X5ho8bHaQNEVMuyCGCz5qAlR1ujo: 4 folders
1P8QFmRzOgMqq5tP3fq88Y54V1hVX_npI: 4 folders
1WGkBeWncjWhnbaXRul4aYbDMr75Tdf8N: 4 folders
1TMXgPs1o7lkNWHFBjbNyQl1SMpRY8NJc: 4 folders
17VwcfwDTi2in8abW3FRNvuKB7jHlYDek: 4 folders
1yQoYD21XfWS_lhTO4eAPIb-x5Ow0lHas: 4 folders
1V8K_eA5QfqqXTIZ7xubGA6JkSbpR2Hl1: 4 folders
1GjYppXoOhZG8tQ5YrTcv-uV82wOb7kVa: 4 folders
1Ues3o5Swox4jCPlioAtwPRL3LKhoYMNA: 4 folders
1W3g-mXnbx2ETqQcn5BnQFuvnYMdBK7-F: 4 folders
1b4bDmPeNSUm0cszkHC7s2As_fgnM2RqV: 4 folders
1kgbxAESrBGVKO5LiQYs4QVEXwZGIMid8: 4 folders
1Suc8rl_AQeeYgkOCfYpmV77v7prJvKHG: 4 folders
1eR2PuFfpufT9EfsXS-ERboiOGlpmrZnc: 4 folders
1Z6ClKZRr71KdQSh18Knr6V4dJ8b88zQT: 4 folders
1M_FLZP01gGB2cHQeVUQ3gC_fpLmuZ9Vt: 4 folders
1V1RGb5TuQTd7aDb2R2Ps7VO1DzHxaX_t: 4 folders
1gTFBLwcO9AppPgo9lI_8O4t-k8D8cRaF: 4 folders
1HNzBfU29Jh1okGrEH38BlGDfEgBDPj_v: 4 folders
108CHCaHcFWIdwYJm0zFm-h6_BfrhuLH2: 4 folders
1WcOjrKwNVCrbey5VhaMkrqDlP6MQttkE: 4 folders
1SKAa95d3xgh6ydEuQIwwnjMr0BRourJb: 4 folders
1R_TT1EORnN7wi-rTDbduaKHVtLX5fmvo: 4 folders
1rzktTZMAdKRsaHRa02169a3qyXDhnnrM: 4 folders
1jnYoUXFGA4N8pMH77ZW5G2opNitNavkr: 4 folders
10WEcMtAKyvnV6BruEe70ISEtmfgz0Af4: 4 folders
12LyUDCdZYN8rwVxnWalck7zZav8wLNZj: 4 folders
18YmkSC12euBXsg6r0aBf3UJwtr4JpcW8: 4 folders
184QieBYwmWlSa8t0skN4VoyysAnWdSte: 4 folders
1BT4ihGIPDRdN752ajBJItkd-_hZPJfkV: 4 folders
1yRF7A_mPxjCToCKWV8YKmOyo9ffF9DnJ: 4 folders
1H5qTJZLaO2xjr6-IXP1PwH_XS8tar59U: 4 folders
1lN9FjXSBqgqnTsaG4clGW87QI6PLFEtf: 4 folders
1NRnAuOq8nW43DvS6aroRprAMR2gCvGtW: 4 folders
1AfIMhWBFI8skMBAJkJsdUpV_t9w_dyzZ: 4 folders
1SLyG0XbeVqePhi3SfWn5CvxRqW24S-rp: 4 folders
1tGRiRRqv96YO8t5qg6-p-VEyZKeZmEyv: 4 folders
1UEMiYIXGo-gxlwgAnTXhBttz5YirVGWQ: 4 folders
16nCSzX799Cs9CPd-vaXX3q9MfaZvw8wa: 5 folders
1TZ9JbnSFA2HSpNZYXKgvdCS7QfgwzmiQ: 4 folders
19iSI4nieYaYawS-0X4ePsCfZufQzRr61: 4 folders
1uHRx4FrzlerGlUsXhYea5-OnwR-7vKpn: 4 folders
12ZIfgk3jekmByzksfEGOT_uZPCzrVaRA: 4 folders
1jnmnhnEa6oNNC_A-wiQZ4FsLWTU4KJ4B: 4 folders
1ii-xae6HzHDewPyuNm7JBvyshEWGMTys: 4 folders
1I-0aeWsM9SpalmUWo8Er6XLr03YWxwVG: 4 folders
1ecRplLIe3uEX39sYPmKqyMPdp3iB_AO7: 4 folders
1ynAEqE8ggZ6EFqxzRTHZPYaj9295LLlV: 4 folders
1tbaFYogDMRRV1vPcCLcsc8sHphmDXrDz: 4 folders
1LASkfA1t2m38wy61dxliLfP-vNdGBErL: 4 folders
1a88YHVhgZ1M1rSgcfdl2bt3WmvreD0be: 4 folders
1nN6C-yWxka7wNYnF2IMDh1bKxgtzFWgR: 4 folders
1AJ_m6pjeDtqkWytN5fLfIviAQBMIGx3s: 4 folders
1AJwR2jWcyu24lfGm026kAPI92HSLyYrn: 4 folders
1V6gWqO82BK0UC2yx_uDt8XV6oEKA5KnT: 4 folders
1pwdEiHLUZ5JAH7VBKPmRuYLWb9N9P4ne: 4 folders
1vVSZMx8ANQ1wOv_I1dL-R1vf26f2hFoa: 4 folders
15Phvt4-5Z_j3ZkJGvTvpJQxs1f7n5oQt: 4 folders
18hwVdM_anHncdQ8f4tIkLS_QhDVPOdla: 4 folders
1FkPU70KqNT5jCbq5SDIQTv6APH_phFFz: 4 folders
1RYGQBRabnDaIREL5KesQOhcISQXpQ8bT: 4 folders
12nuzvznd_xrCUsadxTvVgEL8GEB56nx_: 4 folders
1MQt72tPhLXar2NWEqiLt9koZZVUwqi8d: 4 folders
1xRnmBKLWctnbX0qUO6Ymehew3m-aI7NO: 4 folders
1C_lTjez30Zyl6yW4tPIK7h_XRMk8vnwC: 4 folders
1-osQOqxPB9jftpFPtSWkqknYcblh6CGb: 4 folders
129ZVM7IniTcPHmv9w4gAeUesB9BmsSt6: 4 folders
113ZMYsD2PF6TRoRgb0_sogMq-CTslqKL: 4 folders
1G492WuFA_NNCb7oHTyTKTCk9XfHRbiFp: 4 folders
100g46YBKXzeSW2z2R_LsgSfme5KCuMBy: 4 folders
1KfzkkRmm51pOXHFBrVwgeEOycMVp7sB2: 4 folders
1-r6FJ4mXQBE636zf5vbE6MtoSbuYS_ii: 4 folders
12PCgnZDszGQoboFEvb9dqQCUhVTsJx8d: 4 folders
1dsOyBOx8BMtDuOgCXqox3vR-zdp7RgKN: 4 folders
1NJ1BlxT7jVBIIJ5mkfMBN63oWT4XAxBM: 4 folders
1bcgx3RbH4CqS6OKAQLaeUBIsppoLuCas: 4 folders
1NYfFZHOpybxxF4ZciCn1YurgQXJvyl5Y: 4 folders
1Ehe8HfZC9o6Z3i-37il03ATtJUWCw7fY: 4 folders
1f0J7ksm90Qek8aWIG9Bo-dgeYHQIITaA: 4 folders
1B9f7DQsQLzDAc3VtneJxLMPZCWtgpOxI: 4 folders
1QYjAPm1UzvwhPP9Utak65QszxV4yjFfP: 4 folders
1sNtG9jgM8YWE_6HUnuwnd_CVd314xWYg: 4 folders
1tkdCDHScpgjwt1dLjcJeJT960_NTpfdV: 4 folders
1tN29uARdZ9D-rcNtx91gsmC-F4dL2pOL: 4 folders
1h-d1MQItnrjRHV-uMSKphSVuI1B9plLz: 4 folders
1IXO7hH2FtgARLTpXjY3fw7pUF053Uxsc: 4 folders
1aTsvrjH37OLww-lkVjYrdSt7Ea4sUpSB: 4 folders
1_ft35prMnCtgJgoSLl6pI_9yVtg3wf9f: 4 folders
1AR53kF4MbXi6LrnwSrf4uwGohwBjXRpd: 4 folders
1dpSMQqIh8zcfrlk1cfgHu8PWXIAN9VQ0: 4 folders
1K9NZP-dKCMY7OubuR1VUCU8HKvZj3U40: 4 folders
1AffPFLlg2NS4t1Bb8H18PuRUhAPlORb3: 4 folders
1tkFfp1MlPCtX9o_YuIaVUL2kpChmVS3B: 4 folders
1kv23iLuYIwlx4gXY_0JIpFoXEhLYc9Lv: 4 folders
1Jvee_Qrn6ju-s5jHAz9TJh7czYrCcDqz: 1 folders
17lxY8ioJW8UVyFD2R8ckiDeYkG7oHg3S: 1 folders
11fD8BgK1aHaz02ErV409DIGFeHebf01F: 1 folders
1zT8JSKNZaYl3mdGjxm7qns4gitn7p174: 1 folders
1L0LxqVWhC943Al3UOrnU6QNHUGdUaVdk: 3 folders
1Y2p9Ry3eFaKj5TnBQjv4iyus-ygSxHAj: 2 folders
1kdxrkGURM4ltV7jx5ePHiW7Hs2wcjXzP: 1 folders
1KxOG-KGMYtOSxvL6zhmY0omdqtNgFVcM: 3 folders
1qZsbBXlN0UmYygEJqGlYm9VGxIFP7-ml: 1 folders
1l9AaNlP9oiyZupXav6d-LEJTeiEW-bCB: 1 folders
1L_K1XIGsuOESR5WZLRgJ_ehRjTAJhoCx: 1 folders
1BIr3eOu6t6m4RLCxFdX7KoHNvMar8UUZ: 1 folders
1tx_lEBC4JVOgMjBIHlDqiqPYms_vbevV: 3 folders
1Ap7urQXH_h4g7LIrMaEz9Phvl9ZZllml: 3 folders
1C9icyvjZ6bIRGOM0j8gpYMcSoKRw1_PM: 3 folders
1rYyp0eCAGEv1Vu0CnA2rEKTkZpacda8T: 2 folders
1EWQOqyVGBG9fjgs4M5VxBzvYbJlVG1Mv: 1 folders
1uyKZt6RZOLst44jOJhpBaE8BN_CyOrHx: 2 folders
1Yzuwpi37DRzu4Z2sryliqp6WcSwQ-MYr: 1 folders
14ICKElQsp74Qt_MwyFpBOKnJ8gtX-Scs: 2 folders
1Otlro2IrYLZWPJ-ex8jeEecBkSs9rkt4: 2 folders
1YmRja5KhNYGgEpRkJIjjarkAYhTHw40h: 4 folders
12BaWIyIbYeWADjjEtnnCT_7tDPVqcJzI: 3 folders
1NIMPvNQ1DWVLMXLUf_W8LIElg1gLw1Td: 1 folders
1kRZdfiU8Qv_3wxKmi5zOyTu50JMiNTWb: 3 folders
1XUdYB5inPnteLAFM5SWJ40Xx1jjUnrpJ: 1 folders
1YqKyqm3IvNgusciJdlgqc2fMyHoFjgSF: 1 folders
1wvSHolXQF_vk2bIt-VgsFWR6VGUg1ZPI: 1 folders
146rfLrWCZdn-4r5LgMPc_FA-F5-Z_eIJ: 1 folders
1FxmLG8XkHS0TvdIY1Guw5ihCwM8eZH70: 2 folders
1tXFs8vrMWQUVdLcie-QGur4Fpt5_k95h: 1 folders
1zmyJxiyz0nZbWLO0LKcsaP0NuCbQK4dk: 1 folders
1E8UlAWrc9tV4ZvnsckqZ6WFxLsRYGG-h: 1 folders
1Otg8w7JUU3IIaxZ8qohZA0an67_XI9aF: 1 folders
1jZvbso95oVelHdg2HOwaLPtCMpq35XBF: 1 folders
1wvGT6apC9_9S75pRXF3Ot2Cu3_oZMj2j: 1 folders
1FFQsBR0RaGTgy6y9T0CBUHWo_zvyViFj: 1 folders
1ZU25UTlwdYahKsuaIeFsh_c0P-xtN1cu: 2 folders
1d99OmOgJuVRnOViPbxz0FH_kz7EGZVRS: 6 folders
19bEZUqOyHYfanCP9E9IfSFEacjzMVpak: 8 folders
1KE1gsmcZitq-lyKstbUz4m5FDNHReYrK: 8 folders
1N76kjmzqN0js6aAs43SFKmit2_wvJ6Un: 9 folders
1pTwRXjElwcijlecr1MCKERBRXIj_dDQi: 2 folders
1ByP97zVttyfQHDiIy4Q2tbfEf-D9Szid: 1 folders
1BG1ynNpg62o2Vn9QzhtWrXJKccxlHPjI: 1 folders
1O5bzFCqj2q76AMX7joZMBw60M8qNOUUj: 3 folders
1Z8s84lVmz5eBFW0fUySPVx_TNxCCDQMP: 2 folders
1PjPtfXVcfaMzPGJyz34Cvy34RP8QSCRC: 1 folders
1AqaldBx8rlLcdEgima9At42LgR9oG8VS: 3 folders
1Puyo1Hh-RR5a5G_4Wn_9GIovc_IT_wUf: 1 folders
1ZVXJKxLJ5entUuCBaXJRj8TEu5JO5RWr: 1 folders
1LJQ5k5f1pJvsUUg7ICnNfETvCBWSos9u: 1 folders
1ch6Eqhnk_28fF7FuDPueYkruBAZpYb1Y: 2 folders
15DXDJYpcnO2_Nc5N2azs9Ln22EnStMJJ: 1 folders
17m7On9muIlu3CiAekULBJeqp9BdKN84F: 2 folders
138dKiw2wNYSaMFNwmxtxMO95hpzm6gt9: 3 folders
1vsiCRRY8xr7n5NFx_Y2eihBAl8ip1qj0: 2 folders
1qHH9ULrsrfOxyFcW7uHo9TnxPI4qknwN: 2 folders
1W12fsJx0ebQ6Lt6i6AwZNE__SnNvd3fN: 2 folders
1sr2wh9h2iOCDaViBy29LQ6J1vbqaVAju: 4 folders
12dg5aO5N9LIDtpfsHn98xarUAY2lJIon: 3 folders
1Id3jaP4ZLQTWGFiRVpbu1gV79nweAIYI: 2 folders
1dptQRfhSy-k-gY2GR6698w-6Cd3BB2D8: 3 folders
1qxs2lH47_vAWIIM-mqDZl22KifQpdVT2: 2 folders
1VBcndRcWg5DYOrqtamHSTq054TTwUKZL: 1 folders
1p3snq32Ix6CMvBQBgFIzlG-spLHF7Kwn: 1 folders
1amjVZK64h68EzbUOv4MXgPSswx3WTurS: 1 folders
1446HlyjyUiLCViFe4m3CsiGW8k4z1f9M: 1 folders
13Q2sBSjaty3Ky2RG4XdD75qMmPsNxlCH: 1 folders
1ZQQiZCag15AW2tLOGAQJJuMzEVELuWys: 1 folders
1___oFHyQNsmTpHfSlDYavBSy4xmhjG3A: 1 folders
1c6VhD7Bum8mXmb6ZSNR8_dNBAZy6GgFv: 1 folders
15wEXfeTjmz7r9QwC0vS2bnKzDGQ5mTIb: 2 folders
1bUUI8Luzx2D0lEdxMPQXBAxbWo80ZFjj: 1 folders
1ZQbVPhoGwtg0fFh9K39EmM9KpZRHl4Fz: 4 folders
12xn4VqNxG48kc_Jf8a373967Crukalxu: 1 folders
1VdmyE3eWjT1iwaUJ8nwr7f0-_tuS7mou: 3 folders
1N3Q_J32zGhInqyp16FsWFXndCX0pl2bs: 1 folders
1NzndWW3cn2_xNgQs_-Q0mRl32HoBMJa1: 1 folders
1XFEroGh7oshpk1OuPHMEmRGEozaEVkWq: 3 folders
1GJvLzVVrFmjiPW6O3A-pGfKG_f8bgkCC: 3 folders
1ibNFqFzVRZjo1d-QABh0a6u50JPxI7zz: 3 folders
1hjb75YRvkBitedvPU25HW_4sHC0kiOu4: 1 folders
1mqdFrGNoUVSP8gQbOYIeCasyHOnWUb_Z: 4 folders
1XG-ur7_D8IK1C06FuiUZKa-CBymOActl: 3 folders
1ZBhIRFhZO9D5-K3jjV6frjUy2bxGck2a: 1 folders
1vNqFU6xANIkD1lNymC8Y9wCzxRqXbuHd: 1 folders
1tSRcDcMsqFUxfybTMU2JHN17JSRYfDkm: 1 folders
1lC4YOrnQGNw-FFfF7j53V8oy-4mZrQo9: 1 folders
1qA4N8E1uI0B-UzK4gvzmZgS_-Bhyc8Ik: 1 folders
1MJSWRDtTaWyllbzE9krF5XVVZWgikB5K: 3 folders
1Fl8CIehj8FB-sSKhFfb0okc4u4lwv5ve: 3 folders
1eT56IAk0eMnBUP-LEFNqnMc8VOXKvVhx: 1 folders
1XXkPi-LnIhh8WaQzGUJA6BJ11yBZ6L_2: 1 folders
1xOdImzi3Yq4bTEA4hCkx1O1iTiwCOWgh: 4 folders
1Il6kzaw74T-wSRDr0jf7WRZt6sqm02Ry: 3 folders
1HRVIEUorLiCmqYgGZ4L_-4EEAo4Ji6T8: 3 folders
1WEAxQjX9ovusrg8EqXlDVmQkski5F1-d: 3 folders
1GKOhUCGGMQ5wuq8NjhMP98O-eYYAJ3bZ: 1 folders
1fgfnBIDtyxBXsMnIiiNryqf0eTg1lRHe: 1 folders
1VJbvPVKhgm3LWkEIphXSVyrEiTVqJ1Gb: 1 folders
1Pebk4djkYo0pEhns4jcVCFishwL7hSXh: 1 folders
1AOxQgX1sPQ97BL2UUTYFiHfC4b0h8m9s: 1 folders
1F5Shz7jN4rgl2l5n7-KpAFBz5cIDsnLb: 1 folders
1ika-SkrVF_EKc1FV4gZVkY8G9yar3ZXI: 1 folders
173aPB0B_E2uRW0fTbwoyGAjYJsQaL7jM: 2 folders
1NOc2oxToILcXjnh8WduuYYFEKJdBFivq: 1 folders
1Tp2PX6_IvHMX8AdApZZic5RhvcmRYt9T: 1 folders
1DcvoRYueGR8b92Yjf7C3K69ciGkYSZVu: 1 folders
10fBOx_E1mggjOobfN4s50lN5PLIHOQlS: 1 folders
1jzi-sgf8WKJf2fN7PieJc8gSxgafwX4O: 1 folders
15avj4h1y3QAH7SonmKd64TJeKCrnr2ra: 3 folders
1XMD2HZCjYnDaXvcC7ZJOJXood3Tuh1ee: 1 folders
1UGqY2fz1xx9GbCH7sIZ-FkRgYKn_dTi5: 1 folders
1He1xUPWKIc-36Yp8Z5ci63x17HJpAi2T: 1 folders
10bekjFP1UIUu0VbL73n1KFtVn45lCFG8: 1 folders
1th8EUPJ6SJe96NiB9r189DNa2aLkjaxC: 2 folders
1r1OpR74lmZJfbP6ORoDdEYIurMX0Cy0z: 3 folders
143bloNUBmftj5bbjMO3gfH93g8gmiueK: 3 folders
1XsmH8FDFlIXty3MYKqarV8qgTm8mMEFs: 3 folders
1HwXPzXuYUaJaoOM-SQTvYa1C7-N0Gzt5: 1 folders
1orrhtbQTSxc5PthHk-gxvuljkKQ_hAn-: 1 folders
1P16Pi0XF-fRpVUE-0glLiZIT7ajSYoFU: 4 folders
1cLXQt_DBj4oJUnuAgtO0AEDYIpKbDqzC: 4 folders
1Ju_jEDMiZJ6zmKdStgRewz69SQtnhC6L: 4 folders
1nkedGIphOeSMwZEWFt1twvgu5swrL30v: 3 folders
18TO4op8sb70_1zDYJ_LkeAIJZL-nAKDI: 1 folders
1p3f3XCuAkDz3KAmo4Cj60WDUB6Fuq96X: 1 folders
1S-IsnDuPOy4mrAJHU_AD6q82hKdU8_gQ: 2 folders
1frfCeJ0-I8iWgbCGpvQm4qIqiwAOeBpj: 1 folders
1fpaiZ4Knw7_LTw13vw862rbDR3Bb_JBs: 1 folders
1SLngmY6t1zK0KdZQRoz45eBZKrIvoBJK: 1 folders
1GmfU4aTn09kae-W4W37R97GqBmRhh6sw: 1 folders
15sz7o6yCml3BOavadG-cjOoKaZ7LpqMk: 1 folders
1nLglMoheaWWnfNOGTaz9nGxAGdlGdvlH: 1 folders
1TFqX-q03jfoQJaC6AwqeE-2WNZPK3cAT: 1 folders
1Fcu3w8J1pNb7_CbYF4aDd30iI0mERM5T: 1 folders
1zHuTJlBHHVULJWEqqxqV8CBWe9KfKU-k: 2 folders
1sh6ZwEscl3g5R0ryBaRzFwKZR5M_dL_E: 2 folders
1JYjY1U88ew59_oGsUukysqs-fMZyiIJ_: 1 folders
1kdtW8gVihNz8_vg1ivV1eLr9PTgKPwq4: 2 folders
1nKt15Df4XbiPx7tj9VvSSIz0k93ddy49: 2 folders
1cXhHgVgXVEvb-YdxF8DQO9o9X_ckExU3: 2 folders
1XWdVgTqekkXK-zhFnMc7jlXJ9_SZVcA5: 2 folders
13ZPP6RYUTrRD_6qhyi1lm0zRdoP57wRx: 1 folders
1EixQYCxQe9pgSxYNeEiunuwtwUzj6nJU: 2 folders
1vbmXFQI09efWJQrNUjeq3huqvLGRK56h: 1 folders
1BxpTBVXUPQd1S9llCZqPET-EaY94z791: 2 folders
1PHnYhbKM6x_o9uog_6kW-46hB08-5y9i: 2 folders
1_J9FOGtlQNVrJ1-ULrU-BOEWfxDbe0Gi: 2 folders
1XEHbsb4hlTuY6S660UpZxUnPMOZ_Fd6a: 2 folders
1t-GjVn8DYcV2f2OVQ5HyNZTKNxBUhO4n: 2 folders
1hD125DYe_hG-Eveo0C-9Mm4BL2lr7Lq4: 2 folders
1Dhg6i-Jm1YNOWb-AFL7mK0Ka1eSzAOKJ: 2 folders
1VS568bOMNuA1taoTQ2v1TPL0MQ-vVM4B: 2 folders
19BPKuHd-rFUbkJjIB323iTkjNXAu4F_L: 2 folders
1chjZypuekgG_aqQhqjIF36Hn1girVPs-: 2 folders
1nv44G2ArPFE-w4pagL3yuh2L2PMkiguR: 2 folders
1xHfShTDYr05mLwa48yiWcEj-Sw6j15ap: 1 folders
1Cm1LKpLkW7mSHI8zGSz5pk6ia7xAoreQ: 2 folders
12DgkGYK3NYv7RtIDuIZ1lxw-9wvw4gkX: 2 folders
1DK81rEfZmC87-9Q603AIt2Q4SrUxkrRP: 2 folders
14deex-QMFXnA0uh0ClvuiixjcftpJ2c0: 2 folders
1QkCgBtLeoXuzvmESc40Art_xIiIxONep: 2 folders
1Lz9EJaJjHWQ7A_nwJ0VzNHVHfrFNSJMI: 1 folders
1l3wIQDr5T-wc1nmI2lNDw1_v9HtyKnYr: 1 folders
1svIAL7kx78QzBb9wq9jz5DLPQspaEIW5: 2 folders
1kzFcu6z6G4mkaXWVrArL_mbH2RZ5XnuN: 2 folders
1LVRYZ_2JqoNRqHV13wkKwwkcsbo85d_p: 2 folders
1E3S-f79_7ruyXfmPm0PK1ruzUrQfdJ3x: 2 folders
1qKlOz7ViLtHFw5kVvWXmGTI7zsE8AkgZ: 2 folders
1XCOoK3HyHzvBaKk7blLsfGvx0LtcVZ5O: 2 folders
1avqH11F70D8q7DroxqeF7t8L7xSWrKI1: 1 folders
1-9BE0C2h5vO-u4kgHN7k3qlpLpqhY3z0: 2 folders
1cYZWZ2ficFX9D2hsBitApg-y8LY9cBry: 2 folders
1UXMunLzDOlAPz0oDyNDPhH5ETVq-cVnA: 2 folders
1PBC25Dci-_wmlNreLjG2uT8ql2wmT6YQ: 2 folders
1lxrcc5RO_bhsrjMG0lPqRW5wfTLY6Io5: 2 folders
1-i5uaeTQDndhAIt8QAnAwDSGhphot4Nj: 1 folders
1UzhuA_K4yRyFZYacM2gsBWnAMlJASFWg: 1 folders
1fbDz3w3en86qiIuiZYIn9rtV4_DDK2g9: 1 folders
1zISmliG34W9kuVol-hnX54Ro6PXPGXxM: 1 folders
114hlYmLZ5lBFI3i82Zs1w5rzhbT00xt0: 2 folders
1f8byZC3NV7yymlpFs5uw3RqISECXLgMY: 1 folders
1HkBv8hj9jSozIFBmUdIkIOdIlz09k3WV: 1 folders
1zspZkr2QhGZcZoRjDSpFwV83oTm_M6LM: 1 folders
1zvdbOIH0oGr6mCUuquX-ZrACKqke5Fw4: 2 folders
1tQDOcXxdefuh25cZxK5F3vsVwdkQ-3aQ: 2 folders
1_1Hnd1E1KrPBFqhpUBCil5DEccqfazE1: 2 folders
1qTnLhi55hvL4s_1p8BEmtl1t08BxF4vK: 2 folders
159qX3YNncAJd7tDLfUCQJdsPQTfZunyY: 2 folders
1ptRtNA7-22POOFoGUbcRGk1SzhZzWGuG: 2 folders
1amw2D-TFsqGQMsEAAIru6Fi06FtJcTuh: 1 folders
1JamEfSQ16jZlEClHlc60eWqcEVII723v: 2 folders
1NGadnGFq6LiZpDd6uFL5PoEj1zvUva4U: 1 folders
1rr5dl6xqautdmUegUrl3--wHcrL--H75: 3 folders
1N3w1fOtu7p88iXCuyZtmlxtginNSiCl9: 2 folders
1lK2gGlZgAk2zAJMQKcUYl7rmWTVxck2e: 2 folders
1X402PNyVXVpDDt0UB-iLvl9lA4M9NEf0: 2 folders
1NQOzwuoTaVQGxine39frxnjs8WE7Qvb7: 2 folders
1Gzp9ipqg0TlLFvintRXx6RBG52dME4nu: 1 folders
1Vr0imwliUmua9uP-hX6ElbYgmfg2KDS_: 1 folders
1i1rEJ5nRO4aphcPn4J8YoUHMNv1bxMr6: 2 folders
1AwJn_vSvJNUb0BiDlwnfLtxBN7btuPVV: 2 folders
1lIbmE1m85Oknbb7eorEzXHFf7tW0HNXQ: 1 folders
1yyW_NUA1QpZ2zKsl8nbJYaU36RuYsnmQ: 2 folders
1NwOMAAg_a7jKBUUQOpgcvGoB-ztB4bDR: 2 folders
1oHwB0IUVlE25xnvIbml-6b0jXtsT30vT: 2 folders
1UllK6O_ALHXfBcgX_yAMjiS2aVLjYXDG: 1 folders
16mKvfx_ZguyFHVirxgD8YUyMyeOHxnL8: 2 folders
1XAWCii0v_R8BV3T5s4-_c0wiBbIedkmF: 2 folders
1Fpy2_ZpHLibq3hS8ftJKraVNifHUAJko: 1 folders
17WQ5N-jbWCa_IAr3f2oSLyW-Iw_tmo7U: 2 folders
1dSnolLSnMwy-cp0o1Xxe9lgk33u03jHM: 1 folders
1L1LvWbn1aAnq8yj37pM13mTscdaJdTAo: 1 folders
1O8zpLVzDzloP_1VV9Z-PcCPgvB8acidB: 1 folders
12l4WBHv_zgcmrnzMswseeXkELehRFdJJ: 1 folders
1a7j-ygYwj7VYJkU37aNlR15XTZi-TwqA: 1 folders
19aN7julTcG-kZuNN471IWDV7J7YgECb-: 1 folders
1OSPPXvKxSWuvejnxQyNE4OxrtrGf4Kb9: 1 folders
1O942Pd8rXnQktaLSNROWF9Rj-PZ4K3m1: 1 folders
1oMKLz4ZocVZktLShP_zqpCxetf_mw3EU: 2 folders
1kr-wY-F9qTolNnRigX_NU41dBUkVaCx1: 2 folders
1l2Lb2fAjVnNxmvlHGmhcfvO8Bv4QpSTb: 2 folders
1wG2ZppYqrhm8DQaUffs4_G1vqmyXuG1m: 1 folders
1gJaqIyysJlHNe2zkIPZmyYhE1bse-eqm: 2 folders
12uin1K7KQLucnMb1ohGmO4z6_gcfBNDS: 2 folders
1aRaya1Nr5e_p51ybzfG-l0Fg0voNanU5: 2 folders
1a4kCXviwwh6hudcAF05MF2K-qnh1hDkG: 2 folders
1irrZqOQ1AQk5RRNfBMfjruYGQy1XbRVj: 2 folders
1HZqNu27Hgyh30f1e2c9Y4zp-7ZgnKwIY: 2 folders
1uTr6xQTTY9bk9mVA0V_vEghuOkDbDG_A: 2 folders
1Kop8c2kGtD2Zp42cPoD1x2CJhDCdiIcq: 2 folders
1RUlFFdmbb_R6Av1zHOUyLKdBEYNnN7Vl: 2 folders
1PnzXmu4uUSo6MSv8QTmRT9d_dUhb8PfR: 1 folders
1mAfiE-GB_9MlwuVyyod6PaNppIE_5xt7: 1 folders
1KVwymKS9CK4gCJcmODy8lDLpGYfC8lWm: 2 folders
1pMqnBPGkisyj3UB6JS2AkeB4Qo15sziC: 1 folders
1AQ-XGSqRhB0EhG0pan6beGW-yIqGPIJl: 2 folders
1dCYLxCZHdzNWO7s8gYincp06jOuW-uZP: 1 folders
1_xX0Y2bCj-1ne2ip8yeQ2ix1_1QEwpyC: 2 folders
1xyz3h90mvkkoQET4PVpIg63FDs_kfmk8: 2 folders
1832BJEKRKxbGuxCV6bIyxUXUOQlOID59: 1 folders
1zJetSHyvJwozXJ7HntCZ35nPRt_JyoPS: 2 folders
1uRjznflGMmXim_zx330wtpMFNU9TxHBf: 2 folders
1EiVYjRFR18oQy_jsXMz43r40Mf7iSb1q: 2 folders
1v6lCkey1Oletl8EBrzEKRuJBvXsi2AnZ: 2 folders
1pSJjokM6yUZb9T1LsOgYyhdS4H8Qycmd: 1 folders
1F39N5xcrQ1YfPnXoYUT0NlM9VgCUPqW2: 2 folders
1BYu3uzQJ_VIAct7keZkoFZHIzMhnDWCU: 2 folders
1efjMsH7KPUl2FXWoWcBIvBudwbv9_Zdy: 2 folders
1YR6MsGKtJpulWqvJpeMNj9oVF0qE7zuk: 2 folders
1Dk_HihTbgeldCw-U0IZq4WRBcswDZ_dq: 2 folders
11tqsLihkJKVK8fhFd_KIp2Si1W6HCbEs: 2 folders
13_9t93oX5hLqUPJ_FJ_V3v5W7hV1WyEd: 1 folders
1biPEZtaEcZK9UkLiLkXZRUEsiQeL4COA: 2 folders
1cK11OlqeB-eWcf9FRyvNni2KTuCCdhBq: 1 folders
1KfNysSxKeosn88NNoTeuR5FFINcBpXHg: 2 folders
16pWEdl9aDMCj1ClKTa-sFTmzRpLEMdKX: 1 folders
142JJK9YaaNDqn-qQhW3F4AYStrHWOQJB: 2 folders
1De5U-G1Mripu7o5VKXCIPsJ0Y66bWcHM: 2 folders
1h0ymGQLHnRhSFSpWOeeMjsIsVYZ5uMhV: 2 folders
1wgalt2VSpaKyQM3mb_i2oFetE1oJ1dXI: 1 folders
1a99vCBge2xbRybnMNqW1n9qrTv17UeQN: 2 folders
1oRH1svh9yWepO8oM_rVV7HTAtSQX0DUx: 2 folders
1aKtC0mID2RxOk5uV9wXO5D6fwuxUKPEG: 2 folders
12W3_WWe4DrBBQqas9zBCSK5xAwk_IC05: 2 folders
1L9mUIgMHddpVUiq1icIXPOd-VihPvl21: 2 folders
17IlIlwaXcYFehZWpmt7Eb6WjAemRRoti: 1 folders
1KERSWOD4M6r5iPdxY9HStoeCi9vWVgp5: 2 folders
1M0gUZTwPKf1CCtw0FFEPplRZYVzahgTr: 2 folders
1oaqGpIS1JcheyDO9SGYdNWuSfGJGW8ch: 2 folders
1l9il82F4aQ66IHxZmS3uZ2CTFcXq_mnN: 1 folders
1k7bMOU_IvMt2Lm_etoXAYeFCnK722V8a: 2 folders
1iKgwz8nidLfFMkML9McIWp31K4xEw4AH: 2 folders
1bWNnPzWMa-qXFTH7ijwbtNary6iKp-Y4: 2 folders
1su0j5aDp6Ecqt1F5oiib5_1cAYuFlor6: 2 folders
1ea3uT3m9ARPpiamOBGqKu2KkuQ9_0opB: 1 folders
19vpPfSiqmgz8dN9Fe4OEf94b4rlcotxe: 2 folders
1sNheHQda0UrOCdzVZ2aLonsOu1vtlkXM: 2 folders
10CeKT-QZPWX8rM6SHg3huuLFSPlcgXxm: 2 folders
1ckRmS-ODZGtpMRvFOyod_0VfVBHWacIf: 1 folders
1bD1n3VMA9ZYQKG2LYgGJxGzy6jcsPauq: 1 folders
1jOFOVJLqymeu7SlZrHTPCXtIW2F57a2Z: 1 folders
1pJUj-7PKF8ak0k2wixzhUhTxznyQh2xe: 1 folders
1xtZBSN0FaoPRfk2y4T9U1Nb5rXLB26ua: 2 folders
1Lyz8mesU3QqIfWXu6LHFqxglaowf9QHh: 2 folders
1DP0VptWs1KTFT0_H2x2UwrFDjKLmVxti: 2 folders
1SKhcGk2G-5NCMnyilB8c4KVJeydlYpfa: 1 folders
1NyKNt7KFDfhsHH3S56U8d3kmFIHVQCWc: 2 folders
1zxcZp-_H4umeuS8rCVr4faHEYz6ypd4H: 1 folders
1demoNs4FNlnCg1RoG8GtfZrPj88e4jRE: 2 folders
18Nmb97H5F7HOEhJpBFZtJlMM5AOCcEhn: 2 folders
1j96cg8n4A54mc8EzK5B5IJgyMbpfMCiz: 1 folders
1Ua_neExRtnUmDKJi4Dcsrr3Z_QXPDqgt: 1 folders
1Nhc4Wzz_7C1uGMhigmopRGbY8ijLAlog: 1 folders
13INVukuJAX-o_4QsyzQvvIubV-PdyEQG: 2 folders
1HIL3T_wQ2iyJUlbzjQoJ3IPLN23Tpz4q: 2 folders
1NNQTV92BOOd404aT1CuVMSq2fgAhzs6q: 2 folders
1E_a3fpGUNiZCgsA3HZiT6zsci96iFDAa: 2 folders
18UcGFcsl8yqA3Y4tmtaK-Ap21-XN8nSy: 2 folders
1zs2cDs-cw4XrL3mUIn_na78PGiR0a-p9: 2 folders
16V4lHTcsjwBPf8Nfh1EaZSLWIW-oZmmo: 2 folders
133Pq1pbVBZJfHapBcjl_2mh_lOJtBj4U: 1 folders
1rvvUDkJsQhVTyHsT5eRoqxA-tjHKtIqc: 2 folders
178h7kluxO6p30NU-aU7HfGNqaMrrPhtp: 2 folders
1DzTWpUS0zI5o89omzE8dGAuWhLh3mBRX: 2 folders
1yhsvEQcb859_bWDZbE8X3xoeF6FPQYdO: 2 folders
1LbuhZUL_K71Soz1BTPpPtIZD8vOzo7Y-: 2 folders
1f7n7GX-8O2yWEqM6w815sR7xi5rOk5qS: 2 folders
1tN_FaTaE-DXgo4yQeBZ5h-iVM2bJXy57: 2 folders
16ZnVCdNFm-tLJCLudUF6e-lmR4LHMpHQ: 2 folders
1MgPtxF0JZiafmcQgA6rDc9ihcvsFR8pr: 2 folders
1rrvZDZin2pmGI-Yreld87ApPKD0F1S4r: 2 folders
1Fm9_Bnt8XWqbye3k6n0dnemInYG8-Ars: 2 folders
19OD4lRIPAx-Z3GcYbFPrYkA-1afzrUGQ: 2 folders
1BEKvKzh6P78p84eaBISYeU8R82mamt1a: 2 folders
1Iko2zS7V8D7XSfVt6kq-mBz1P_6V3zN1: 2 folders
1GLCNePXFMA2VvcT4DeN9OG5LmRKbkgLW: 1 folders
1XZ0FR6yaTVoNKms6KaSofsFXTJ9ukY3R: 2 folders
1rAdzbtjVcNzLewEngMvnGGWyH869KtWX: 2 folders
14y09-Q38LqUd7NK8lMMS1DDvEeqcw4N8: 2 folders
1sPyP0452IPcDk88mGLVwR7tGxoS_LSLl: 2 folders
1mSd7zV808zQywqYCEjAl9i-oRvABD2LP: 2 folders
1_HgSKiLFEbOypGAt8AiQL0GB6Vnja3fm: 2 folders
1sH4-PVuicxfjPV02kuOppsZ_Dj9048kL: 2 folders
12ozn7xCpyU2XOOQS5kweJm5RsCnpxoZD: 2 folders
12LkmdNJDA46vzACongJT3rwI-_Jlwa23: 2 folders
1MfOaKWHdAbOLTVO_IzHWvQxhuXRHit_a: 2 folders
1w3z1oDb2EiJ-B6q945YLHSrF0GY2a7yg: 2 folders
1WunXa9AeMxfmYk9hjTIkvbHI4A2QJPgo: 2 folders
1oUAnh1k7XBcOXqcbklDyiAtuf-yK5uqu: 2 folders
1iqEoE0YnQO5fkotQ2JGWXXdA-0oXay20: 2 folders
1YyjQd6vIJ27CE3hdNbEODtwL78I506gQ: 1 folders
1ScDTzZI0S_AC7iuB2aSoD1HEBcQIvm0l: 2 folders
1mLE-72FX2Qx5OkFN2dR3MLQoMn4pRrb8: 1 folders
14yt8vmSPLrJo1xtljrBYWMM5kiSFnatO: 2 folders
1nirwaQUImrfteS68F7FShkFjMc4zdTTE: 2 folders
1gaVZvh9rG_Fdn8dbRCiVUuEA_b4MD5CA: 2 folders
12nxvSLN3VmN3irm-4RMGZJaraVc8-wdO: 2 folders
15m5WtQbBPPPGoqJIcQV788tgezc0B42c: 1 folders
1WhhzP1jSQt4rqKq3MewWGTJmL_-GiGhG: 5 folders
11xfVjY0aWKk3xKrsL_xbmWwz3_SeUp89: 1 folders
1TzdJe2mgJW2i_5PKdbTXRFhwO3AHoqwd: 1 folders
1HQX3BLv7ZsVHe-DufrU6rmAblUfXRVWh: 3 folders
11aJkMOhtlCorSd5-Rlho_KUTTBEvKE0K: 1 folders
1oUtmcp6p04PG9-zQRLJ1fp0wnQh5hn47: 1 folders
1CuAqAt2wG0K5OV-W7vBSir94KupFOc04: 1 folders
1FkW5QWZPvRHTozQAlPW0LJhghsTChmb2: 1 folders
1rF8SmdeA3RI4p6CK5YON2vgz-7oz4Z9t: 1 folders
1uz5AYvLmKDeFObcu992CSt7cFJcAuUYn: 1 folders
1YrDSBJgZg7t50Nzt3jBN8ETlD7MiRDS0: 2 folders
1h0Yip_l-mKrP6zh95jMzcP7oahv-qwV8: 1 folders
1FhgFS_clEuK-8r9W9VCs4v05uXUnBbBA: 1 folders
1wAS-8m-E12FQNg0iUvbxTCcB_rQEBrUw: 1 folders
1gP_owH9_NSJ59kuFDpE9A9SOJKY4S3RL: 1 folders
1Ed-9NeKlQds-nX7eZet0x_OrC909H-2Z: 1 folders
1Hrw139am9p-W3QihdaZtLCq4NzOiu-oM: 1 folders
1v3RhhvMLOhiVLo1O8WsE1gLd86F2SBwH: 1 folders
1gIgOckbY2Bv-XfxQjC1fU_i5WCYGqJAZ: 1 folders
1gKPOBKjDo0OqdiqIE4b5oOEsYX3Qxbpj: 1 folders
1NvAAPyXlXGCL0xxin7bOZnbz02JOpj8i: 1 folders
1rq5ufbPzoolhLq0s39jZdbK52PS_n_f0: 1 folders
1Z-zd3cInGOfBTlgasPJyxj_MdPNI0zsK: 1 folders
1_RftUqljgOhAEnKv0BuCRHB83ruV2uvM: 1 folders
1zuOZSeX0j7pkDcpBCmEyzVD5aEl0Ch1T: 1 folders
1XHNeej20GF4-9fIVWmihjeOqBP2iSrCH: 1 folders
1Er1-zj6V8AAgQpqTlZO3vB3TdZj91GXN: 1 folders
1dss_FWdvOFMD5Puc2BUeUt2iBu_Y8_5e: 1 folders
1ej4bRc4oOa_mmSTenlbBI5ABxws6rtDW: 1 folders
1AJGUU38MfAkI8z-dWUtMSbFWs5_GDzgf: 1 folders
1vxjGZOUIlqsptdE6yDLVGCpHm-Q6UJtj: 1 folders
1Vq5MtxtA1wIwoQjLPK4Da-2_9l_1UGDh: 1 folders
1ixLvKzE3iQaOXme7g9BdysnfS_uda5Bh: 1 folders
1WzCK6L0aalHlp9KENcG2IoLG_w5L9UKP: 1 folders
1cPynQ8AaIwKQ_lk4DO-PqnFwLqRAfl2o: 2 folders
10FtAZYtpSbaG6RTDdDUYenviXQvWrnmm: 1 folders
1y5cb3UK2bC1GJVkNWbqDm3B1MIhSqynS: 1 folders
1R2196CSVh4lkmtKckPzs1w8CmNrotxSk: 1 folders
1vuBWxrFn-APG3jxflnf8_gxSrbxCGjEE: 1 folders
1SQJfdGr6qPvglAyaUJxe9PgEWRRSl86G: 1 folders
1SlIAg_RwPdbRZwqSJLXZZSdWB-X7Ke_-: 1 folders
1XqxPftnnHi9XMVr_BmVzkjQ1Vb4ewcya: 1 folders
1rkKwY8ZoVfvwe5l6TRtp8kYRAkGz4nOn: 1 folders
119Zgtqk95JGaY_FMYgPcrcVLe-6o4QjT: 1 folders
1g50okRdwOM6oMSze4olgfFGds1wfRgCb: 1 folders
1S8O4PgF2xJkVYKDBPKDQtryiePbJlBoP: 1 folders
1kq4lY8RI9IAtjFssmRboj_7mY9lUnOED: 1 folders
1tKZWWQ4-nUS6AmKcUXCedTl3pitAXvNu: 1 folders
1afpwDZalO9y_bIpeizXhBnvwAVLAJH2a: 1 folders
13-UpnkF8FNSgO4Upky8gUa3Dd81zqQwF: 1 folders
1OuqYJQ5nTiiMYtNRuFAKG15WAnl3eVF5: 1 folders
1-P3ZyRjimgxv5UY8V_wWvJEQ4b8zNDwz: 1 folders
15dSgkmOX3EI6M5e1w8xptpu6g8AjYt-x: 1 folders
1_JNMGywTHug3JIzx2XbevQuzW14wuoip: 1 folders
1Lta5QnDGmSwwnYTNtnfQJ_0zEwTvM3zC: 1 folders
1GC4dvI5mA0BFimMPv754y_HUDISJPFQa: 1 folders
1G3uIY0M31MA2Sj2dCgtIo27fxl8f0tUK: 1 folders
16HInGIaQLNKpHIp695y_zLpFN1wueNJY: 1 folders
1Q5_kdBdvy61NwTLL4KNjqsg_D8CmNFi3: 1 folders
1zUKSd1h1Ha9VCwcyN6wn-g54VWNGTm-T: 1 folders
1GLPSMe0gbCThEAA3Nym47AdtxEeZpZuY: 1 folders
1Bgi7rEYS0cZBp1PZ-NGtERgoqm-zcpHB: 1 folders
1vNtEl8jccmBkHoE2yX9M8vq5RH3Hw80v: 1 folders
129jhpNPlUlleBM9N2u8eu_xCuZWRRpeO: 1 folders
12z7z9ggSnxzHxZBRjnxDhOdOXoifoxYX: 1 folders
18S7SFuhYUqUK7wK6Hgjnv77JjP7h9q2X: 1 folders
1RtYMFHHgjpaZfPvSQmVEd-jmcwWeY1cT: 1 folders
1Zgr51Y_4XcNtDZaVOGJkGQe48qXrjmRF: 1 folders
1De5nR-rXKyDY9YbNpGFvkyXav6etplKW: 1 folders
1d7BmMiqK5ZMTkdmLs-7VKp1N7G6e7F4N: 1 folders
10qyFyxXVi4hie0jQ-OLlI3xonw7z8mDR: 1 folders
1OdYMkGciHoBshj8gggiw8-DQQNiuSiu-: 1 folders
1cI89vQ17yqqSDf9YJXherFcXPKKBR50d: 1 folders
1COjsN06wNgxWwlztUBtryTjxFisPlysV: 1 folders
1RJ5eUaed-bo7q7eq0eealELh8wRg2dFl: 1 folders
1m0DG8I-30hgSG2rMIuBdKUmi8tEzIdwK: 1 folders
1RjDtU8IjySD3-2XlChfx8CKQ7P99me8Z: 1 folders
1SYNIosL1MyuM3SIRzkHNMsp8Iwih6Pc9: 1 folders
1cgp2NnJCXrXQBeNYI6ym1EXTLo6CH5Ny: 1 folders
1hL1Rszm4ZUCSaO3XueJng7rHgvhXWIzk: 1 folders
1hEkxqm4OSmX84Tjyqh4YgqXTRFK_PEIC: 1 folders
13yoovrQMEPAKVtgl_gHYdvU_AMqMQWgd: 1 folders
18pktbAx5ZWQl6SumqL7Ri_JngZG4f0UM: 1 folders
1TF1k8oqHoEtC_MTcNFinVqNLL-GiDiKE: 1 folders
1hWpzmCT7SRzMGs1I2ApFAGHXOfFLX4Tb: 1 folders
1n0ZIeKTw_qnaj58ii0Ac186qrFu8rkqC: 1 folders
1bsVgFewFElQeifTmObKOvzDMZ3X1W4WL: 1 folders
1nBqp40FNJqcEHYq_Q5GO128R1jxaI80d: 1 folders
1a28LPFzUGHcLgVjzUMULQbv1IJYhFCyj: 1 folders
1eLpDK8A4Cx8Pkvcg56he8F1U8qmEiKoB: 1 folders
1hylABHRf4owRM-L3DHkWpgyuD13--IpE: 1 folders
1FSHgVnY0mWpnILrQRYd0KjkzG1tCsXnx: 1 folders
12VTwtBx6X-6go_p9acC3MX94lEWYq_Ub: 1 folders
1Po9iA1ZZzMRdlVwF85UtQlVAEsmtepLp: 1 folders
14WzfM2xT5gyREwmHepDtj9EgSaL_dOd3: 1 folders
1rQo5ThUoJHIgQgjEGPwhsGcCCUzZgpPB: 1 folders
1TnhrkyK_ctcvgcazxpilFWv3oPKK78Rt: 1 folders
1yCTCKYiOKky3G9LPaome6JiL3-U60uIU: 1 folders
1KWtPydW_pn5Ik9_cbchzvvKrpKkBHfp0: 1 folders
1pGKE9tt6A_ViZTwA8NZ-xJrQQBqclB2U: 1 folders
1ZDYjEaQ6cq0LO7pVlOoi1LaQUJ-EBe0_: 1 folders
1oDbgD9pBHgxbOtH9ymMkWNLCotHRUWxO: 1 folders
1auI53uakXnGKKeDVwGIpQ9ZQwoNS7ydk: 1 folders
1DKRPM0JvhLzPdt274aMR5Rokh2Na1vCU: 1 folders
1A6-JEBCO7ObtTIvntlOMkjxPth__KSj5: 1 folders
1LPiDHW--7QQaPrjhaQ5j5A5gCCma02M3: 1 folders
1xgSTWcBDXuR77GddAAXu7NJ1k08wALR8: 1 folders
1ClONV5OeuHTHA25_UlO99zjBwGvN866W: 1 folders
1cR_JVC3uop_1U9wv_yVcV2eTKf18lVNN: 1 folders
1nZR2C4nQ8uBnZhKcbIc_-edrhaxHE0m3: 1 folders
1_iFjcnVfbJB20BDZ345oxsscbKZB0WeZ: 1 folders
1_mErejJdPfJfFAeBCggM6xP-cl3Xqaa8: 1 folders
1h8d9cNsWcw_1iSmQgdRb-MKIFS6I6cER: 1 folders
1LIr4dkm7JAH3R2c2FJ92-RxJE0mQgObO: 1 folders
1KQ0PEqZ7ilqMjEVwnbAUKtlQdSgtYiH_: 1 folders
1PIlCESEghOdahQ9d3YzXz9OxH2Eovgfh: 1 folders
1Bc9YdedqDJeYPu0seJiYHzH6rt-AKY0P: 1 folders
1jARzWrK3JjA_faLsWkH8XvOOFVYbmSqd: 1 folders
1OEWD8QkCbBeBbPdR7wc2F5OQS9uzUzM4: 1 folders
1VKMiflZNcktyYF93PvpgPgyz8--6jfip: 1 folders
1oYPsfQ4s1fEB29LIMF9nhHZatqf3bil_: 1 folders
1A-WjXs7zKDUS1O_ClVZIfkh9IJwtOROz: 1 folders
1ug8SM_7TJbKzE9Meoy4mCtOF9x9oVZnj: 1 folders
1phBwr1pJxgnNp-f9DHpvVPYkBJVc8ZMN: 1 folders
17fFPQG46unp8ocsvCG8zTa9A2Qo9vqJ9: 1 folders
1I_lxtw1z9kEst3o93-WBN5moLyPzVTbB: 1 folders
1fw68XeOXXGlBQiCdJ-ftcmpiOiWYIVQS: 1 folders
1XZ4A-WUh8U2L9y0iuJBU5Ibm21_WF9db: 1 folders
1PWm06AqATL6rKCRQW_fViWL7JsaUIvvp: 1 folders
1LT3aZlVXGuiaF4_eC2r0bAgR0FrIGGv2: 1 folders
1dZVwKawp6OI-QgzY4yI1FpKNu1k8UO0G: 1 folders
1DWOAVpLFasIVZtt7WI0xJo7Dm6srP3nt: 1 folders
1ajeDWAyv92noUKp55IIMb9eeIcAbuzJm: 1 folders
1qyG-XmlX3ZZWyyvqgMbz6GqMRcGyUi1y: 1 folders
1jR5x3v7UIlBksMBovRcMerZ06xUQxO-v: 1 folders
1wwsFgh_86tr1M1howskxRoFww6ELqugn: 1 folders
1-T2xYK2f5i-vZYlavihKhWgDSIjdOHJ3: 1 folders
1-BZwN6YKzQb1uzPSKuNmOKPLf987ZYJ4: 1 folders
1npTFp3LZF1qlai9LYr1wiOuMHPSstmMF: 1 folders
19GC5eJqEhauD8d_IlkAWHN8yIRB4Zdds: 1 folders
1j2k2DMG2z2kPO-iZYIvsCiFRCmj-JjXm: 1 folders
1NM5Ps_Izf0Vd_QQdrbeieZ5s1bhNAXfj: 1 folders
1wBhgqudcuM_cQ_4f9CBAyxnQSxpCDaIH: 1 folders
1ulKZLWP9klbPeM8eScliG3gOt4I5XQji: 1 folders
1YP3kU2RaWkkEwL1_njb4rz7nRCNcqQ2J: 1 folders
1JSVNr5lLsXrox8950stGlq3aBNO9BNyd: 1 folders
1_8rkk_lcsVWURVIbpTqJgfHQFeuDDzjc: 1 folders
1p7jajGvRwxJTnEKFAZOoKhkZ84TeITVA: 1 folders
15Pch-WxCUG342lQaB4oqgx4qNfh5KD6V: 1 folders
1wi25z2ylWqnfSb_2HyF0RC2U8PoeJvSo: 1 folders
12-l_SgL6YHBMniQ2IZHswFU6Riv49eDH: 1 folders
1ipVKCX1343TnXqeUTk4WPUxIhsUuK5cz: 1 folders
15UxUNqQIqzZZDYyvBpuXpd_SgmdlHstL: 1 folders
180WpU-Maxb_GmMVFFiHlyCVxUNmZsVYH: 1 folders
1TuFsLYyZttFcxqxypc8cLwXLaVI_qN_x: 1 folders
1febyA6QNYpVpA4_FbvvQfIlS170NfrFX: 1 folders
1rU6ggEbvRqZ6hkIrS-Mrcvhu19KWSmjc: 1 folders
1ZJhGqmG-VFQMKbqdbFWQNTF-7SgAFxUU: 1 folders
1P6YvblNOx7tBojnRtYqiMXVrGjLDUCqO: 1 folders
1tvymnbPLGYXNBdOc1ABcbpdyjOebXIWx: 1 folders
1DFbZHL-cn8SADX4d9TwqgfuwvgnLwY2I: 1 folders
1z49kHQxJL912CrIVJ4l2CKcXkDQ1GupT: 1 folders
1u3wPC2z5plLcKwjiYsmuaNbnXqM_v9sn: 1 folders
10lPvgS9dNhVUL5-nXFZJn5b4oOwN2Dnd: 1 folders
10NDIbfpmIU1IIGKH0LrXtCw6wRNAubho: 1 folders
1pG1-aHIO5yoKy64K3ZOtJ2-Y8M4lR1SX: 1 folders
1-NyczC3mne_3ZtBWd781gehtTXqmJdSn: 1 folders
1odroIi2f-vtcly_hI8GDLT-sm-HEt_T7: 1 folders
1ExaVFamGu5_ZykX5NpLUeKYXuK-eRp5e: 1 folders
12h-JWCw6uOZgH3rIwiHdQBzGgcWMIccu: 1 folders
1Dg7ncPDs2Le4H2QbhoRFhSGZCjDdbZgc: 1 folders
1UnT_j0D8DBQ5DEoV2iiNzo5vqjNlrxj4: 1 folders
1glmEFj_nDoNOTY0DfAu-3QUEQsM9odR0: 1 folders
1dLiLOs8AcYsm2S1Zze9cDka7zebGx0cD: 1 folders
1ZnLFxcqTcclCxiPluYs3gGZrAgtKbQze: 1 folders
1SHNPq_L9wuUTr1PUHqd9RzwBVx__eZ-o: 1 folders
1E90hZvDj2vyuYu4h6GQcAwhyC6uo3BeQ: 1 folders
1FAbIayg9OD40eI_lLoJaPwAmq3p7TpIi: 1 folders
1u997bbtxsZLwWGrR5nDRApUqpdf02Cxt: 1 folders
1iDan1w2XvpC_OZA3TZRWuqEx_aLOb2mf: 1 folders
1dYbxH7GXPwycUcRr5YM1_qQqQXaJRXwq: 1 folders
1NRLLu08EAkkgeyL2nNdg98e3gXBvRxA_: 1 folders
1bT4QYULastBDzCxIoJ5YqmzpM74X8E6o: 1 folders
1GSerrhIJEjczVlaDQ39P_oK9v2Yq7jup: 1 folders
1LmHK544aqdn3lWtSM_y8tp1wpSx7L916: 1 folders
1udXOPWYjQf58HZw_MGVibh9Skq_ESqgc: 1 folders
1TfxcBPxuSO4yzwRGfazI8O-BBieTE2O_: 1 folders
1NCs0iK1fMvlWeyfRd8HsJlPSW6jeZiaw: 1 folders
14-MWJBd4C7dLPqPbfIFM9SLeQqkXWS9c: 1 folders
13q_nq2pWPgb56EuluSZCpXnw6TOF4-2T: 1 folders
1oNMRDJugQTpXAUnstDp6Wi09RClBbyxT: 1 folders
1eORWWllofMBX_1B21e8YCVikBKLV-4bR: 1 folders
1TsxiDd5brkCnG5VQQiu9_OW5P4j_vZCk: 1 folders
1fsKiMu4j8CoKRMSkXNkIS-vWciz4pMZk: 1 folders
1-HAXoMUBozI2b7pntrj0S56hrJqodMsf: 1 folders
1i1G5LvFaVeO-olat0jfFCy4WxiwipKv_: 1 folders
1GQv0tD_YpaGy4i_slR7OApDKxok4ySKL: 1 folders
1GxR9GKdRpliHfO8KM-KnF2ZRV0JmPohp: 1 folders
1eeg9LbmZ6tGTnLN4z1zGgEb3gFlyhBmm: 1 folders
1FhOBMiBqes5rFIHFWHcjPnZtKx1-Mjkh: 1 folders
17tG7X0UDaNwLrHX0wwhmbHTUbheF6ZLa: 1 folders
1lq6c41qModukhPiiFPb2GvyHtwjsuCOv: 1 folders
1DHT3JS5e5zDEDMjk7kIwMPOPPA8moZDl: 1 folders
11iDi8i6SUD5ondPnpjAIY5riWy3lzcyz: 1 folders
1B2Q6E3zevAVTrhkS0hTcncNjrd-4ksTG: 1 folders
1NN1AKUkCvVLIHs6fxPvRspP8CZD41OYt: 1 folders
19YF4piNpu9QyrnNaiiuYghfCGPP6wqmw: 1 folders
1xYGyd8xsPy_3bg-4OmKjycXdqHh2R9PB: 1 folders
15zann5jTvSD5eBYyn4yi4au44PEKiN5E: 1 folders
17yo5RlXju9yRYsr2JQfUODqoOrG0TSsV: 1 folders
1nsRDRyY_96gRep4P6xTrl4kKKtZ59MVA: 1 folders
1affpN2m4h3UXUbg6mBS8b4eiD7YXssFm: 1 folders
1kP_bDwagU_MSthIZcto5J8hhWtgDhI6u: 1 folders
1hGOjAAQ1PkjBMF7H41zkwI3g_B9AefmH: 1 folders
