=== HIERARCHY ANALYSIS ===
Total folders: 1663
Max depth: 4
Root folders: 220
Average branch factor: 0.87
Tree width: 531
Leaf nodes: 1026

=== LEVEL DISTRIBUTION ===
Level 0: 220 folders
Level 1: 513 folders
Level 2: 343 folders
Level 3: 531 folders
Level 4: 56 folders

=== ROOT FOLDERS (220) ===
- 1776 Homecare, LLC (1 children)
- 2gether Resources Group (1 children)
- 3Hearts (1 children)
- 7Heavens Homecare (1 children)
- A Caring Touch For Seniors LLC - Charity Burnside (3 children)
- A Place Called Home LLC Dba Thriving At Home Senior Care - Lee Anne (5 children)
- A Plus Home Care Services LLC - Anne Porter or Lori (1 children)
- A Special Sitter (1 children)
- AAA Healthcare Inc (2 children)
- Abbey Woods, Inc - Mark McDermott (1 children)
- Above and Beyond Premier Home care Services, LLC (1 children)
- ABSF, LLC Dba Family Tree In-home Care (2 children)
- Affordable Home Care Solutions - Zach Shaw & Seth Layman (1 children)
- Agape Home Care, LLC - Ed Becket (1 children)
- Age Friendly Ventures, Inc (7 children)
- Ageless Senior In Home Care Inc. dba Ageless Senior Care - Frank Quarato (4 children)
- Akahina Group Dba Akahina Homecare (2 children)
- Alamo Companion Services, LLC (1 children)
- All Desert Home Care and Concierge Services (1 children)
- AllPro StaffNet (1 children)
- Always Best Care Fresno LLC - Merian Castellano (3 children)
- Always There To Care Home Care Services (4 children)
- AMRL (0 children)
- Anchorage Home Care, LLC DBA Preferred Care At Home Of Alaska - Lynetta Hagel-Grant (3 children)
- Angels Homecare Services, Inc. - Al Estacion (2 children)
- Anne Mark Enterprises, Inc. dba Griswold Home Care (1 children)
- Arial Home Care, LLC dba_ Bloom Companion Care (1 children)
- Ashford Consolidated, Inc Dba Ashford Home Care - Durrand Ashford (2 children)
- Assisting Seniors MD 001, LLC - Howard Walsh (3 children)
- Assured Peace Home Care LLC (1 children)
- At Home Support Senior Care - Victoria Tuvilla (3 children)
- Aura Home Health Care, Inc (1 children)
- Avalon Care LLC - Eileen Buison (1 children)
- Aware Senior Care LLC - Tim and Gina Murray (1 children)
- Bay Area Home Care dba preferred care at home (1 children)
- Beautiful Blessings Home Care, LLC - Felicia Jenkins (1 children)
- Believe Home Care Services - Cindy Key (2 children)
- Benjamin Chamberlin Dba Chamberlin Care LLC (1 children)
- Berk Street Enterprises, Inc Dba Bravo Personal Care Services (1 children)
- Beyond Tru LLC (1 children)
- BMB1 right at home corona (1 children)
- C&E Home Care of Western PA - HCA Pittsburgh - Eugene Shensky (1 children)
- Cadence Companions (1 children)
- Care at Home of Delaware LLC (1 children)
- Care Luxe LLC (1 children)
- Care Mesa, Inc.- Scott Chiv & Gideon Abraham (3 children)
- Care Perfections Health Services, LLC (1 children)
- Care Providers, LLC (1 children)
- Caregiver Services LLC - Terri Myer (1 children)
- Careworks Health Services (a Corp) (1 children)
- Caring For You Home Care, LLC - Alexandrea Savage (3 children)
- CAS Services, Inc. - Cheryl Sheasby (4 children)
- Castle Ventures, Inc Dba Right At Home Northwest - Jeanette Palmer (2 children)
- Caswell Bay dba Hillendale Home Care (1 children)
- Caydee Blue Corp. dba Right at Home (1 children)
- Central Coast In-Home Senior Care LLC - Ronald Torres (1 children)
- Central Illinois Care Services - Steve Boyd & Jeff Stassi (1 children)
- Certified Home Nursing Solutions, LLC (2 children)
- Charter Oak Home Care Corp (2 children)
- Clear Path Home Care - JM Simmonds (1 children)
- CLJ Care, LLC dba PCAH Miami Beach (1 children)
- CMK Holdings - MA Carmel (1 children)
- CMS Enterprises, LLC DBA At Home Care (1 children)
- Coastal Companion Care Home Instead Senior Care Hollywood (2 children)
- Collaborative Home Care (1 children)
- Commonwealth Care Group - Jeffrey Grossman (1 children)
- Commonwise Holding Company, LLC (1 children)
- Companion Care Services LLC (2 children)
- Companions For Living, LLC (1 children)
- CompleteHomecare of America, Inc. - Thomas Tom Haas (5 children)
- Concierge Senior Care Mtg. Services, LLC (2 children)
- Consider it Done Lehigh (1 children)
- Corewood Care, LLC dba Corewood Homecare (1 children)
- Cove Home Care Amber Dick (1 children)
- Crawford Health Services LLC-Knoxville Scott Crawford (1 children)
- Crawford Senior Service, Inc Dba_ Always Best Care (2 children)
- Crystal Dawn Albery dba Figjam Caregivers (1 children)
- Curry Jackson & Associates, LLC Dba Comfortkeepers - Sheriolyn Curry (1 children)
- DBRZ LLC Dba Visiting Angels - Richelle Coffey (11 children)
- De Sousa PCAH LLC - Geoffrey Sousa (1 children)
- Devoted Guardians - Aaron (1 children)
- DignityFirst Health At Home LLC - Toni Maldonado (3 children)
- Divine Duty Home Care, LLC (1 children)
- Divine Hands Home Health, LLC - Ella Mensah (2 children)
- Donegan Senior Care, Inc dba griswold Home Care - Mirza Donegan (1 children)
- Duvall Downing, LLC dba Home Instead Senior Care (8 children)
- Eldercare Companions, Inc. (2 children)
- Elims Ventures, LLC Dba Inspired Care Solutions (2 children)
- Elpitha, LLC dba Touching Hearts Northfield (1 children)
- Essential Care, LLC - Crystal Hosey (1 children)
- Extended Family Care - Paulo Rosario (5 children)
- Family Matters In-Home Care LLC - Matt Niemic (9 children)
- FC Operations (0 children)
- FHAE, LLC dba A Better Solution Home Care Fernando (1 children)
- Forever Ways Care,LLC (2 children)
- G & F Senior Services LLC dba Seniors Helping Seniors - Michael Greth (2 children)
- G & L Family of Caregivers - Surecare Bruce Gratland (2 children)
- G Quality Solutions, Inc _ Visiting Angels South Los Angeles (2 children)
- Gaddiel Home Care Services, Inc. - Josephine Apuri (3 children)
- Genesis Armani Home Care, LLC (3 children)
- Gold Coast Care Inc  Jennifer Davy (1 children)
- Golden Years In-Home Senior Care (2 children)
- Grace Care Services (1 children)
- Great Point Visiting Angels Brighton & Fairfield (5 children)
- GSCS Management LLC Dba Griswold Home Care (7 children)
- H3 Home Care Agency, LLC - Felix Hernandez (4 children)
- Hands Of Hope Private Home Care, LLC (3 children)
- Happier at Home Care, LLC (1 children)
- HCA Naples (3 children)
- HCA of North Broward (1 children)
- HCA Phoenix (2 children)
- HealthQuest Theraputics (1 children)
- Heart at Home, LLC - Abby Paylor (1 children)
- Heart Body & Mind Healthcare, LLC (5 children)
- Heart of America Home Health Care LLC (2 children)
- Heartland Care Inc-CA dba OASIS (8 children)
- Helpful Hands Home Care Services - Fred (4 children)
- Helping Hands Group LLC - Rick Olds (4 children)
- HHC Services Mn, Inc. Dba Griswold Home Care Fargo-Moorhead (1 children)
- High Plains LLC Kim May (1 children)
- Hill Countrry Elder Care (0 children)
- Home Care Assistance of North Broward (5 children)
- Home Care Assistance of South Florida, LLC - Meredith Lapira (3 children)
- Home Matters Caregiving Georgia, LLC (3 children)
- Hope And Mercy Hospice Care, Inc. (1 children)
- Horizon PCAH LLC - Sandy & Sara (1 children)
- Independence Assistance LLC (1 children)
- Infinity Health Services Mark Hunter (2 children)
- Infinity Home CAre LLC (3 children)
- Inspirada Generations LLC DBA Dignity Helpers At Home (1 children)
- Insurance BCX Inc. (1 children)
- Integri Home Care, LLC - Randy Jackson (1 children)
- J5  Care & Support Agency - Jaranimo (1 children)
- James and Rebecca Prouty Enterprises, Inc - Rebecca Prouty (1 children)
- JC&C, Inc., dba Comfort Keepers 453 (2 children)
- Jeanette Maxey Upstate Angels, LLC Visiting Angels (1 children)
- Jennifer & Dean Watters (2 children)
- JJR CDA Inc (1 children)
- JLKZ Inc Dba Right At Home - Jeff Guinn (2 children)
- JSA HomeCare Inc. dba Comfort Keepers Fairfax (1 children)
- Juce Services, Inc. dba Visiting Angels of SLC (1 children)
- Kanakepi LLC DBA_ Home Matters Caregiving (2 children)
- KG Home Care Services, LLC. dba 1Heart Caregiver Services (2 children)
- Kind Heart Caregivers (1 children)
- Krew Enterprises, Inc (1 children)
- KRM Care Solutions Inc (2 children)
- KTK Home Care, Inc. Ken (1 children)
- KWD Enterprise Inc - HCA of Green Valley (11 children)
- Life Springs In Home Care - Debbie Maestas (2 children)
- Lisa Carle Dba Peace Of Mind Care Management (3 children)
- Livwell Home Care (9 children)
- LoveWell - formerly - Kindred Spirits Kristin Kolasa (10 children)
- Loving Homecare, Inc. - Tanner Gish (2 children)
- Loving Touch Home Care (2 children)
- Lyle Fester Inc dba A Plus In Home Care (1 children)
- Majestic Oaks Home Care- Jarrett & Erica Howard (1 children)
- Mama KJ Care, Inc. Dba_ Welcome Baby Care (6 children)
- McGuire PCAH Cares LLC (1 children)
- MD Services, Inc (8 children)
- Medical Staffing and Consulting Network LLC dba Crystal Cares Home Care - Crystal Laeder (1 children)
- Montebello Home Care Inc. - Mark Montebello (12 children)
- Morgantown Area Private Duty - April Wintermoyer (5 children)
- Mountain Mana Corp  Dave Coleman (1 children)
- MT Care Group, LLC Dba Acti-kare (4 children)
- My Care Companion (1 children)
- My Little Helpers, LLC Dba Seniors Helping Seniors (3 children)
- Mykala Group DBA Right At Home Of Kalamazoo (1 children)
- NAB Homecare Inc. Comfort Keepers (4 children)
- NAJGET, LLC (1 children)
- Nediri LLC dba Home Instead Senior Care (1 children)
- Neighborhood In Home Care (1 children)
- Northern Home Health LLC Preferred Care Alaska- Suzanne Hickel (2 children)
- Nu Care - Irvine (Westminster)  - Ed Lee (3 children)
- Nu Care Long Beach Inc. - Ed Lee (4 children)
- Nu Care San Jose, Inc. - Edward Lee (1 children)
- Nu Care, Inc. - Edward Lee (2 children)
- Overture Home Care-Rob Helms TX (2 children)
- Partners In Care Home Care LLC (1 children)
- Peace Of Mind Care Company DBA Eldercare Of Kansas City (5 children)
- Pierce Unit 1, LLC Dba Home Matters - Brad Pierce (2 children)
- Pine Flat Ranch Inc (2 children)
- Premier Comfort Care, LLC - Mariam Dawood (4 children)
- Purple Petals Homecare, LLC - Shilpa Chakilam (2 children)
- Qualicare Family Homecare North San Diego County, Inc (1 children)
- Qualicare of Orange Coast  - Scott Miller (1 children)
- Quality Care at Home (Superior Quality Home Health LLC )(2018) (2 children)
- R & M Care Enterprises, LLC Dba Seniors Helping Seniors (3 children)
- Reva Ventures, Inc Dba Assisting Hands Of Pearland (7 children)
- Robinson Home Care LLC - Jazlynn Oneal (1 children)
- RPFM, LLC (2 children)
- RRW (2 children)
- Sabalcare, LLC - Garth Camara (1 children)
- Saky Homecare, Inc. Dba_ Right At Home Of Longwood (3 children)
- Sandcastle Care Inc (2 children)
- Santoro & Santoro  Inc. dba Right At Home 1203 (1 children)
- Seasons of Love Inc - RAH - William Dudeck (1 children)
- Self Enterprises LLC (1 children)
- Seniors Serving Seniors In-Home Care, Inc (6 children)
- SF Homecare, LLC - Daoud Salameh (3 children)
- Shoemaker Home Care LLC (8 children)
- SHS NH, LLC Dba 360 SHS - Randy Loubier (5 children)
- Silver Lining Caregivers, Inc (2 children)
- Skilled Home Health Care LLC (1 children)
- Southern Arizona Home Care - Carrie (4 children)
- Stay In Home Care Inc. - Allie McCarty, Allie Fletcher (2 children)
- Summa Munus 123 Home Care (9 children)
- Sundance Home Care Inc (3 children)
- Sunday Money, LLC (3 children)
- T5 Management (1 children)
- test client (1 children)
- The Harp Group LLC Dba Comfort Keepers - Maggie & Garrett Sullivan (8 children)
- The Wright Care, LLC (1 children)
- TRCA Services LLC - HomeWell Senior Care - Leslie Reese (2 children)
- Trove Home Care LLC (1 children)
- Turtledove Home Infusion Nurses LLC -  Debbie Bowley (3 children)
- Uplift Home Care, LLC (1 children)
- Voeethia LLC DBA Arista Healthcare (6 children)
- Warren Procurement And Logistics LLC Dba HCA West Texas - Kendall Warren (2 children)
- Wings Of An Angel In Home Care, LLC (1 children)
- Zoom Assist Transportation, Inc (1 children)

=== ORPHAN FOLDERS (0) ===
No orphan folders found ✅

=== VALIDATION ===
Valid: true
Errors: 0
Warnings: 0